-------------------------------------------------------------------------------
Test set: org.springframework.samples.petclinic.service.ClinicServiceTests
-------------------------------------------------------------------------------
Tests run: 11, Failures: 0, Errors: 11, Skipped: 0, Time elapsed: 19.076 s <<< FAILURE! - in org.springframework.samples.petclinic.service.ClinicServiceTests
shouldFindVets(org.springframework.samples.petclinic.service.ClinicServiceTests)  Time elapsed: 0 s  <<< ERROR!
java.lang.IllegalStateException: Failed to load ApplicationContext
Caused by: java.lang.IllegalStateException: Failed to execute CommandLineRunner
Caused by: java.lang.UnsupportedOperationException: Not supported yet.

shouldFindOwnersByLastName(org.springframework.samples.petclinic.service.ClinicServiceTests)  Time elapsed: 0 s  <<< ERROR!
java.lang.IllegalStateException: Failed to load ApplicationContext
Caused by: java.lang.IllegalStateException: Failed to execute CommandLineRunner
Caused by: java.lang.UnsupportedOperationException: Not supported yet.

shouldAddNewVisitForPet(org.springframework.samples.petclinic.service.ClinicServiceTests)  Time elapsed: 0 s  <<< ERROR!
java.lang.IllegalStateException: Failed to load ApplicationContext
Caused by: java.lang.IllegalStateException: Failed to execute CommandLineRunner
Caused by: java.lang.UnsupportedOperationException: Not supported yet.

shouldUpdateOwner(org.springframework.samples.petclinic.service.ClinicServiceTests)  Time elapsed: 0 s  <<< ERROR!
java.lang.IllegalStateException: Failed to load ApplicationContext
Caused by: java.lang.IllegalStateException: Failed to execute CommandLineRunner
Caused by: java.lang.UnsupportedOperationException: Not supported yet.

shouldFindVisitsByPetId(org.springframework.samples.petclinic.service.ClinicServiceTests)  Time elapsed: 0 s  <<< ERROR!
java.lang.IllegalStateException: Failed to load ApplicationContext
Caused by: java.lang.IllegalStateException: Failed to execute CommandLineRunner
Caused by: java.lang.UnsupportedOperationException: Not supported yet.

shouldInsertPetIntoDatabaseAndGenerateId(org.springframework.samples.petclinic.service.ClinicServiceTests)  Time elapsed: 0 s  <<< ERROR!
java.lang.IllegalStateException: Failed to load ApplicationContext
Caused by: java.lang.IllegalStateException: Failed to execute CommandLineRunner
Caused by: java.lang.UnsupportedOperationException: Not supported yet.

shouldInsertOwner(org.springframework.samples.petclinic.service.ClinicServiceTests)  Time elapsed: 0 s  <<< ERROR!
java.lang.IllegalStateException: Failed to load ApplicationContext
Caused by: java.lang.IllegalStateException: Failed to execute CommandLineRunner
Caused by: java.lang.UnsupportedOperationException: Not supported yet.

shouldFindSingleOwnerWithPet(org.springframework.samples.petclinic.service.ClinicServiceTests)  Time elapsed: 0 s  <<< ERROR!
java.lang.IllegalStateException: Failed to load ApplicationContext
Caused by: java.lang.IllegalStateException: Failed to execute CommandLineRunner
Caused by: java.lang.UnsupportedOperationException: Not supported yet.

shouldUpdatePetName(org.springframework.samples.petclinic.service.ClinicServiceTests)  Time elapsed: 0 s  <<< ERROR!
java.lang.IllegalStateException: Failed to load ApplicationContext
Caused by: java.lang.IllegalStateException: Failed to execute CommandLineRunner
Caused by: java.lang.UnsupportedOperationException: Not supported yet.

shouldFindAllPetTypes(org.springframework.samples.petclinic.service.ClinicServiceTests)  Time elapsed: 0 s  <<< ERROR!
java.lang.IllegalStateException: Failed to load ApplicationContext
Caused by: java.lang.IllegalStateException: Failed to execute CommandLineRunner
Caused by: java.lang.UnsupportedOperationException: Not supported yet.

shouldFindPetWithCorrectId(org.springframework.samples.petclinic.service.ClinicServiceTests)  Time elapsed: 0 s  <<< ERROR!
java.lang.IllegalStateException: Failed to load ApplicationContext
Caused by: java.lang.IllegalStateException: Failed to execute CommandLineRunner
Caused by: java.lang.UnsupportedOperationException: Not supported yet.

