-------------------------------------------------------------------------------
Test set: org.springframework.samples.petclinic.PetclinicIntegrationTests
-------------------------------------------------------------------------------
Tests run: 1, Failures: 0, Errors: 1, Skipped: 0, Time elapsed: 11.965 s <<< FAILURE! - in org.springframework.samples.petclinic.PetclinicIntegrationTests
testFindAll(org.springframework.samples.petclinic.PetclinicIntegrationTests)  Time elapsed: 0.172 s  <<< ERROR!
org.springframework.dao.InvalidDataAccessResourceUsageException: could not extract ResultSet; SQL [n/a]; nested exception is org.hibernate.exception.SQLGrammarException: could not extract ResultSet
	at org.springframework.samples.petclinic.PetclinicIntegrationTests.testFindAll(PetclinicIntegrationTests.java:36)
Caused by: org.hibernate.exception.SQLGrammarException: could not extract ResultSet
	at org.springframework.samples.petclinic.PetclinicIntegrationTests.testFindAll(PetclinicIntegrationTests.java:36)
Caused by: java.sql.SQLSyntaxErrorException: Table 'petclinic.vets' doesn't exist
	at org.springframework.samples.petclinic.PetclinicIntegrationTests.testFindAll(PetclinicIntegrationTests.java:36)

