-------------------------------------------------------------------------------
Test set: org.springframework.samples.petclinic.medicament.MedicamentControllerTest
-------------------------------------------------------------------------------
Tests run: 8, Failures: 0, Errors: 8, Skipped: 0, Time elapsed: 5.626 s <<< FAILURE! - in org.springframework.samples.petclinic.medicament.MedicamentControllerTest
testProcessCreationFormSuccess(org.springframework.samples.petclinic.medicament.MedicamentControllerTest)  Time elapsed: 0 s  <<< ERROR!
java.lang.IllegalStateException: Failed to load ApplicationContext
Caused by: org.springframework.beans.factory.UnsatisfiedDependencyException: Error creating bean with name 'productController' defined in file [C:\Users\Daniel\Documents\Fon Bon\petclinic-escuela\target\classes\org\springframework\samples\petclinic\product\ProductController.class]: Unsatisfied dependency expressed through constructor parameter 1; nested exception is org.springframework.beans.factory.NoSuchBeanDefinitionException: No qualifying bean of type 'org.springframework.samples.petclinic.product.ProductRepository' available: expected at least 1 bean which qualifies as autowire candidate. Dependency annotations: {}
Caused by: org.springframework.beans.factory.NoSuchBeanDefinitionException: No qualifying bean of type 'org.springframework.samples.petclinic.product.ProductRepository' available: expected at least 1 bean which qualifies as autowire candidate. Dependency annotations: {}

testProcessUpdateMedicamentFormSuccess(org.springframework.samples.petclinic.medicament.MedicamentControllerTest)  Time elapsed: 0 s  <<< ERROR!
java.lang.IllegalStateException: Failed to load ApplicationContext
Caused by: org.springframework.beans.factory.UnsatisfiedDependencyException: Error creating bean with name 'productController' defined in file [C:\Users\Daniel\Documents\Fon Bon\petclinic-escuela\target\classes\org\springframework\samples\petclinic\product\ProductController.class]: Unsatisfied dependency expressed through constructor parameter 1; nested exception is org.springframework.beans.factory.NoSuchBeanDefinitionException: No qualifying bean of type 'org.springframework.samples.petclinic.product.ProductRepository' available: expected at least 1 bean which qualifies as autowire candidate. Dependency annotations: {}
Caused by: org.springframework.beans.factory.NoSuchBeanDefinitionException: No qualifying bean of type 'org.springframework.samples.petclinic.product.ProductRepository' available: expected at least 1 bean which qualifies as autowire candidate. Dependency annotations: {}

testInitUpdateMedicamentForm(org.springframework.samples.petclinic.medicament.MedicamentControllerTest)  Time elapsed: 0 s  <<< ERROR!
java.lang.IllegalStateException: Failed to load ApplicationContext
Caused by: org.springframework.beans.factory.UnsatisfiedDependencyException: Error creating bean with name 'productController' defined in file [C:\Users\Daniel\Documents\Fon Bon\petclinic-escuela\target\classes\org\springframework\samples\petclinic\product\ProductController.class]: Unsatisfied dependency expressed through constructor parameter 1; nested exception is org.springframework.beans.factory.NoSuchBeanDefinitionException: No qualifying bean of type 'org.springframework.samples.petclinic.product.ProductRepository' available: expected at least 1 bean which qualifies as autowire candidate. Dependency annotations: {}
Caused by: org.springframework.beans.factory.NoSuchBeanDefinitionException: No qualifying bean of type 'org.springframework.samples.petclinic.product.ProductRepository' available: expected at least 1 bean which qualifies as autowire candidate. Dependency annotations: {}

testInitFindForm(org.springframework.samples.petclinic.medicament.MedicamentControllerTest)  Time elapsed: 0 s  <<< ERROR!
java.lang.IllegalStateException: Failed to load ApplicationContext
Caused by: org.springframework.beans.factory.UnsatisfiedDependencyException: Error creating bean with name 'productController' defined in file [C:\Users\Daniel\Documents\Fon Bon\petclinic-escuela\target\classes\org\springframework\samples\petclinic\product\ProductController.class]: Unsatisfied dependency expressed through constructor parameter 1; nested exception is org.springframework.beans.factory.NoSuchBeanDefinitionException: No qualifying bean of type 'org.springframework.samples.petclinic.product.ProductRepository' available: expected at least 1 bean which qualifies as autowire candidate. Dependency annotations: {}
Caused by: org.springframework.beans.factory.NoSuchBeanDefinitionException: No qualifying bean of type 'org.springframework.samples.petclinic.product.ProductRepository' available: expected at least 1 bean which qualifies as autowire candidate. Dependency annotations: {}

testDeleteMedicament(org.springframework.samples.petclinic.medicament.MedicamentControllerTest)  Time elapsed: 0 s  <<< ERROR!
java.lang.IllegalStateException: Failed to load ApplicationContext
Caused by: org.springframework.beans.factory.UnsatisfiedDependencyException: Error creating bean with name 'productController' defined in file [C:\Users\Daniel\Documents\Fon Bon\petclinic-escuela\target\classes\org\springframework\samples\petclinic\product\ProductController.class]: Unsatisfied dependency expressed through constructor parameter 1; nested exception is org.springframework.beans.factory.NoSuchBeanDefinitionException: No qualifying bean of type 'org.springframework.samples.petclinic.product.ProductRepository' available: expected at least 1 bean which qualifies as autowire candidate. Dependency annotations: {}
Caused by: org.springframework.beans.factory.NoSuchBeanDefinitionException: No qualifying bean of type 'org.springframework.samples.petclinic.product.ProductRepository' available: expected at least 1 bean which qualifies as autowire candidate. Dependency annotations: {}

testInitCreationForm(org.springframework.samples.petclinic.medicament.MedicamentControllerTest)  Time elapsed: 0 s  <<< ERROR!
java.lang.IllegalStateException: Failed to load ApplicationContext
Caused by: org.springframework.beans.factory.UnsatisfiedDependencyException: Error creating bean with name 'productController' defined in file [C:\Users\Daniel\Documents\Fon Bon\petclinic-escuela\target\classes\org\springframework\samples\petclinic\product\ProductController.class]: Unsatisfied dependency expressed through constructor parameter 1; nested exception is org.springframework.beans.factory.NoSuchBeanDefinitionException: No qualifying bean of type 'org.springframework.samples.petclinic.product.ProductRepository' available: expected at least 1 bean which qualifies as autowire candidate. Dependency annotations: {}
Caused by: org.springframework.beans.factory.NoSuchBeanDefinitionException: No qualifying bean of type 'org.springframework.samples.petclinic.product.ProductRepository' available: expected at least 1 bean which qualifies as autowire candidate. Dependency annotations: {}

testProcessFindFormSuccess(org.springframework.samples.petclinic.medicament.MedicamentControllerTest)  Time elapsed: 0 s  <<< ERROR!
java.lang.IllegalStateException: Failed to load ApplicationContext
Caused by: org.springframework.beans.factory.UnsatisfiedDependencyException: Error creating bean with name 'productController' defined in file [C:\Users\Daniel\Documents\Fon Bon\petclinic-escuela\target\classes\org\springframework\samples\petclinic\product\ProductController.class]: Unsatisfied dependency expressed through constructor parameter 1; nested exception is org.springframework.beans.factory.NoSuchBeanDefinitionException: No qualifying bean of type 'org.springframework.samples.petclinic.product.ProductRepository' available: expected at least 1 bean which qualifies as autowire candidate. Dependency annotations: {}
Caused by: org.springframework.beans.factory.NoSuchBeanDefinitionException: No qualifying bean of type 'org.springframework.samples.petclinic.product.ProductRepository' available: expected at least 1 bean which qualifies as autowire candidate. Dependency annotations: {}

testProcessCreationFormHasErrors(org.springframework.samples.petclinic.medicament.MedicamentControllerTest)  Time elapsed: 0 s  <<< ERROR!
java.lang.IllegalStateException: Failed to load ApplicationContext
Caused by: org.springframework.beans.factory.UnsatisfiedDependencyException: Error creating bean with name 'productController' defined in file [C:\Users\Daniel\Documents\Fon Bon\petclinic-escuela\target\classes\org\springframework\samples\petclinic\product\ProductController.class]: Unsatisfied dependency expressed through constructor parameter 1; nested exception is org.springframework.beans.factory.NoSuchBeanDefinitionException: No qualifying bean of type 'org.springframework.samples.petclinic.product.ProductRepository' available: expected at least 1 bean which qualifies as autowire candidate. Dependency annotations: {}
Caused by: org.springframework.beans.factory.NoSuchBeanDefinitionException: No qualifying bean of type 'org.springframework.samples.petclinic.product.ProductRepository' available: expected at least 1 bean which qualifies as autowire candidate. Dependency annotations: {}

