<?xml version="1.0" encoding="UTF-8"?>
<testsuite xmlns:xsi="http://www.w3.org/2001/XMLSchema-instance" xsi:noNamespaceSchemaLocation="https://maven.apache.org/surefire/maven-surefire-plugin/xsd/surefire-test-report.xsd" name="org.springframework.samples.petclinic.service.ClinicServiceTests" time="6.434" tests="11" errors="11" skipped="0" failures="0">
  <properties>
[...]
</properties>
  <testcase name="shouldFindVets" classname="org.springframework.samples.petclinic.service.ClinicServiceTests" time="0.111">
    <error message="could not prepare statement; SQL [select vet0_.id as id1_10_, vet0_.first_name as first_na2_10_, vet0_.last_name as last_nam3_10_, vet0_.business_hours as business4_10_, vet0_.telephone as telephon5_10_ from vets vet0_]; nested exception is org.hibernate.exception.SQLGrammarException: could not prepare statement" type="org.springframework.dao.InvalidDataAccessResourceUsageException">org.springframework.dao.InvalidDataAccessResourceUsageException: could not prepare statement; SQL [select vet0_.id as id1_10_, vet0_.first_name as first_na2_10_, vet0_.last_name as last_nam3_10_, vet0_.business_hours as business4_10_, vet0_.telephone as telephon5_10_ from vets vet0_]; nested exception is org.hibernate.exception.SQLGrammarException: could not prepare statement
	at org.springframework.samples.petclinic.service.ClinicServiceTests.shouldFindVets(ClinicServiceTests.java:188)
Caused by: org.hibernate.exception.SQLGrammarException: could not prepare statement
	at org.springframework.samples.petclinic.service.ClinicServiceTests.shouldFindVets(ClinicServiceTests.java:188)
Caused by: java.sql.SQLSyntaxErrorException: usuario no tiene privilegios suficientes o objeto no encontrado: VETS in statement [select vet0_.id as id1_10_, vet0_.first_name as first_na2_10_, vet0_.last_name as last_nam3_10_, vet0_.business_hours as business4_10_, vet0_.telephone as telephon5_10_ from vets vet0_]
	at org.springframework.samples.petclinic.service.ClinicServiceTests.shouldFindVets(ClinicServiceTests.java:188)
Caused by: org.hsqldb.HsqlException: usuario no tiene privilegios suficientes o objeto no encontrado: VETS
	at org.springframework.samples.petclinic.service.ClinicServiceTests.shouldFindVets(ClinicServiceTests.java:188)
</error>
    <system-out><![CDATA[2019-01-22 22:25:50.447  INFO 112440 --- [           main] b.t.a.o.j.DataJpaTestContextBootstrapper : Neither @ContextConfiguration nor @ContextHierarchy found for test class [org.springframework.samples.petclinic.service.ClinicServiceTests], using SpringBootContextLoader
2019-01-22 22:25:50.448  INFO 112440 --- [           main] o.s.t.c.support.AbstractContextLoader    : Could not detect default resource locations for test class [org.springframework.samples.petclinic.service.ClinicServiceTests]: no resource found for suffixes {-context.xml, Context.groovy}.
2019-01-22 22:25:50.448  INFO 112440 --- [           main] t.c.s.AnnotationConfigContextLoaderUtils : Could not detect default configuration classes for test class [org.springframework.samples.petclinic.service.ClinicServiceTests]: ClinicServiceTests does not declare any static, non-private, non-final, nested classes annotated with @Configuration.
2019-01-22 22:25:50.491  INFO 112440 --- [           main] .b.t.c.SpringBootTestContextBootstrapper : Found @SpringBootConfiguration org.springframework.samples.petclinic.PetClinicApplication for test class org.springframework.samples.petclinic.service.ClinicServiceTests
2019-01-22 22:25:50.494  INFO 112440 --- [           main] b.t.a.o.j.DataJpaTestContextBootstrapper : Loaded default TestExecutionListener class names from location [META-INF/spring.factories]: [org.springframework.boot.test.mock.mockito.MockitoTestExecutionListener, org.springframework.boot.test.mock.mockito.ResetMocksTestExecutionListener, org.springframework.boot.test.autoconfigure.restdocs.RestDocsTestExecutionListener, org.springframework.boot.test.autoconfigure.web.client.MockRestServiceServerResetTestExecutionListener, org.springframework.boot.test.autoconfigure.web.servlet.MockMvcPrintOnlyOnFailureTestExecutionListener, org.springframework.boot.test.autoconfigure.web.servlet.WebDriverTestExecutionListener, org.springframework.test.context.web.ServletTestExecutionListener, org.springframework.test.context.support.DirtiesContextBeforeModesTestExecutionListener, org.springframework.test.context.support.DependencyInjectionTestExecutionListener, org.springframework.test.context.support.DirtiesContextTestExecutionListener, org.springframework.test.context.transaction.TransactionalTestExecutionListener, org.springframework.test.context.jdbc.SqlScriptsTestExecutionListener]
2019-01-22 22:25:50.503  INFO 112440 --- [           main] b.t.a.o.j.DataJpaTestContextBootstrapper : Using TestExecutionListeners: [org.springframework.test.context.web.ServletTestExecutionListener@7a55f58a, org.springframework.test.context.support.DirtiesContextBeforeModesTestExecutionListener@660e0d9f, org.springframework.boot.test.mock.mockito.MockitoTestExecutionListener@36c5b4ec, org.springframework.boot.test.autoconfigure.SpringBootDependencyInjectionTestExecutionListener@3bc1e0d3, org.springframework.test.context.support.DirtiesContextTestExecutionListener@6e6dbb84, org.springframework.test.context.transaction.TransactionalTestExecutionListener@78992123, org.springframework.test.context.jdbc.SqlScriptsTestExecutionListener@63e08808, org.springframework.boot.test.mock.mockito.ResetMocksTestExecutionListener@57132bdf, org.springframework.boot.test.autoconfigure.restdocs.RestDocsTestExecutionListener@54a11b22, org.springframework.boot.test.autoconfigure.web.client.MockRestServiceServerResetTestExecutionListener@6500a8ac, org.springframework.boot.test.autoconfigure.web.servlet.MockMvcPrintOnlyOnFailureTestExecutionListener@247dccc, org.springframework.boot.test.autoconfigure.web.servlet.WebDriverTestExecutionListener@4c444288]


              |\      _,,,--,,_
             /,`.-'`'   ._  \-;;,_
  _______ __|,4-  ) )_   .;.(__`'-'__     ___ __    _ ___ _______
 |       | '---''(_/._)-'(_\_)   |   |   |   |  |  | |   |       |
 |    _  |    ___|_     _|       |   |   |   |   |_| |   |       | __ _ _
 |   |_| |   |___  |   | |       |   |   |   |       |   |       | \ \ \ \
 |    ___|    ___| |   | |      _|   |___|   |  _    |   |      _|  \ \ \ \
 |   |   |   |___  |   | |     |_|       |   | | |   |   |     |_    ) ) ) )
 |___|   |_______| |___| |_______|_______|___|_|  |__|___|_______|  / / / /
 ==================================================================/_/_/_/

:: Built with Spring Boot :: 2.1.0.BUILD-SNAPSHOT


2019-01-22 22:25:50.724  INFO 112440 --- [           main] o.s.s.p.service.ClinicServiceTests       : Starting ClinicServiceTests on LAPTOP-UR8P56RL with PID 112440 (started by ACER in C:\Users\ACER\Desktop\cuatri8\Mantenimiento\PetclinicTipo6\petclinic-escuela)
2019-01-22 22:25:50.725  INFO 112440 --- [           main] o.s.s.p.service.ClinicServiceTests       : No active profile set, falling back to default profiles: default
2019-01-22 22:25:51.412  INFO 112440 --- [           main] .s.d.r.c.RepositoryConfigurationDelegate : Bootstrapping Spring Data repositories in DEFAULT mode.
2019-01-22 22:25:51.744  INFO 112440 --- [           main] .s.d.r.c.RepositoryConfigurationDelegate : Finished Spring Data repository scanning in 331ms. Found 6 repository interfaces.
2019-01-22 22:25:51.763  INFO 112440 --- [           main] beddedDataSourceBeanFactoryPostProcessor : Replacing 'dataSource' DataSource bean with embedded version
2019-01-22 22:25:51.964  INFO 112440 --- [           main] o.s.j.d.e.EmbeddedDatabaseFactory        : Starting embedded database: url='jdbc:hsqldb:mem:142a4f0a-7b3e-4357-a4d9-da4326d2058c', username='sa'
2019-01-22 22:25:54.955  INFO 112440 --- [           main] o.hibernate.jpa.internal.util.LogHelper  : HHH000204: Processing PersistenceUnitInfo [
	name: default
	...]
2019-01-22 22:25:54.993  INFO 112440 --- [           main] org.hibernate.dialect.Dialect            : HHH000400: Using dialect: org.hibernate.dialect.HSQLDialect
2019-01-22 22:25:55.522  INFO 112440 --- [           main] j.LocalContainerEntityManagerFactoryBean : Initialized JPA EntityManagerFactory for persistence unit 'default'
2019-01-22 22:25:55.768  INFO 112440 --- [           main] o.h.h.i.QueryTranslatorFactoryInitiator  : HHH000397: Using ASTQueryTranslatorFactory
2019-01-22 22:25:56.130  INFO 112440 --- [           main] o.s.s.p.service.ClinicServiceTests       : Started ClinicServiceTests in 5.622 seconds (JVM running for 140.522)
2019-01-22 22:25:56.181  INFO 112440 --- [           main] o.s.t.c.transaction.TransactionContext   : Began transaction (1) for test context [DefaultTestContext@1ea3bbdf testClass = ClinicServiceTests, testInstance = org.springframework.samples.petclinic.service.ClinicServiceTests@669cb720, testMethod = shouldFindVets@ClinicServiceTests, testException = [null], mergedContextConfiguration = [MergedContextConfiguration@178f69e8 testClass = ClinicServiceTests, locations = '{}', classes = '{class org.springframework.samples.petclinic.PetClinicApplication}', contextInitializerClasses = '[]', activeProfiles = '{}', propertySourceLocations = '{}', propertySourceProperties = '{org.springframework.boot.test.autoconfigure.orm.jpa.DataJpaTestContextBootstrapper=true}', contextCustomizers = set[[ImportsContextCustomizer@1ad8077b key = [org.springframework.boot.autoconfigure.cache.CacheAutoConfiguration, org.springframework.boot.autoconfigure.data.jpa.JpaRepositoriesAutoConfiguration, org.springframework.boot.autoconfigure.flyway.FlywayAutoConfiguration, org.springframework.boot.autoconfigure.jdbc.DataSourceAutoConfiguration, org.springframework.boot.autoconfigure.jdbc.DataSourceTransactionManagerAutoConfiguration, org.springframework.boot.autoconfigure.jdbc.JdbcTemplateAutoConfiguration, org.springframework.boot.autoconfigure.liquibase.LiquibaseAutoConfiguration, org.springframework.boot.autoconfigure.orm.jpa.HibernateJpaAutoConfiguration, org.springframework.boot.autoconfigure.transaction.TransactionAutoConfiguration, org.springframework.boot.test.autoconfigure.jdbc.TestDatabaseAutoConfiguration, org.springframework.boot.test.autoconfigure.orm.jpa.TestEntityManagerAutoConfiguration]], org.springframework.boot.test.context.filter.ExcludeFilterContextCustomizer@2f897dab, org.springframework.boot.test.json.DuplicateJsonObjectContextCustomizerFactory$DuplicateJsonObjectContextCustomizer@2cae9b8, org.springframework.boot.test.mock.mockito.MockitoContextCustomizer@0, org.springframework.boot.test.autoconfigure.OverrideAutoConfigurationContextCustomizerFactory$DisableAutoConfigurationContextCustomizer@6ab4a5b, org.springframework.boot.test.autoconfigure.filter.TypeExcludeFiltersContextCustomizer@c18bb3e, org.springframework.boot.test.autoconfigure.properties.PropertyMappingContextCustomizer@2847ab75, org.springframework.boot.test.autoconfigure.web.servlet.WebDriverContextCustomizerFactory$Customizer@29fa6b65], contextLoader = 'org.springframework.boot.test.context.SpringBootContextLoader', parent = [null]], attributes = map[[empty]]]; transaction manager [org.springframework.orm.jpa.JpaTransactionManager@2322f6d9]; rollback [true]
Hibernate: select vet0_.id as id1_10_, vet0_.first_name as first_na2_10_, vet0_.last_name as last_nam3_10_, vet0_.business_hours as business4_10_, vet0_.telephone as telephon5_10_ from vets vet0_
2019-01-22 22:25:56.202  WARN 112440 --- [           main] o.h.engine.jdbc.spi.SqlExceptionHelper   : SQL Error: -5501, SQLState: 42501
2019-01-22 22:25:56.203 ERROR 112440 --- [           main] o.h.engine.jdbc.spi.SqlExceptionHelper   : usuario no tiene privilegios suficientes o objeto no encontrado: VETS in statement [select vet0_.id as id1_10_, vet0_.first_name as first_na2_10_, vet0_.last_name as last_nam3_10_, vet0_.business_hours as business4_10_, vet0_.telephone as telephon5_10_ from vets vet0_]
2019-01-22 22:25:56.252  INFO 112440 --- [           main] o.s.t.c.transaction.TransactionContext   : Rolled back transaction for test: [DefaultTestContext@1ea3bbdf testClass = ClinicServiceTests, testInstance = org.springframework.samples.petclinic.service.ClinicServiceTests@669cb720, testMethod = shouldFindVets@ClinicServiceTests, testException = org.springframework.dao.InvalidDataAccessResourceUsageException: could not prepare statement; SQL [select vet0_.id as id1_10_, vet0_.first_name as first_na2_10_, vet0_.last_name as last_nam3_10_, vet0_.business_hours as business4_10_, vet0_.telephone as telephon5_10_ from vets vet0_]; nested exception is org.hibernate.exception.SQLGrammarException: could not prepare statement, mergedContextConfiguration = [MergedContextConfiguration@178f69e8 testClass = ClinicServiceTests, locations = '{}', classes = '{class org.springframework.samples.petclinic.PetClinicApplication}', contextInitializerClasses = '[]', activeProfiles = '{}', propertySourceLocations = '{}', propertySourceProperties = '{org.springframework.boot.test.autoconfigure.orm.jpa.DataJpaTestContextBootstrapper=true}', contextCustomizers = set[[ImportsContextCustomizer@1ad8077b key = [org.springframework.boot.autoconfigure.cache.CacheAutoConfiguration, org.springframework.boot.autoconfigure.data.jpa.JpaRepositoriesAutoConfiguration, org.springframework.boot.autoconfigure.flyway.FlywayAutoConfiguration, org.springframework.boot.autoconfigure.jdbc.DataSourceAutoConfiguration, org.springframework.boot.autoconfigure.jdbc.DataSourceTransactionManagerAutoConfiguration, org.springframework.boot.autoconfigure.jdbc.JdbcTemplateAutoConfiguration, org.springframework.boot.autoconfigure.liquibase.LiquibaseAutoConfiguration, org.springframework.boot.autoconfigure.orm.jpa.HibernateJpaAutoConfiguration, org.springframework.boot.autoconfigure.transaction.TransactionAutoConfiguration, org.springframework.boot.test.autoconfigure.jdbc.TestDatabaseAutoConfiguration, org.springframework.boot.test.autoconfigure.orm.jpa.TestEntityManagerAutoConfiguration]], org.springframework.boot.test.context.filter.ExcludeFilterContextCustomizer@2f897dab, org.springframework.boot.test.json.DuplicateJsonObjectContextCustomizerFactory$DuplicateJsonObjectContextCustomizer@2cae9b8, org.springframework.boot.test.mock.mockito.MockitoContextCustomizer@0, org.springframework.boot.test.autoconfigure.OverrideAutoConfigurationContextCustomizerFactory$DisableAutoConfigurationContextCustomizer@6ab4a5b, org.springframework.boot.test.autoconfigure.filter.TypeExcludeFiltersContextCustomizer@c18bb3e, org.springframework.boot.test.autoconfigure.properties.PropertyMappingContextCustomizer@2847ab75, org.springframework.boot.test.autoconfigure.web.servlet.WebDriverContextCustomizerFactory$Customizer@29fa6b65], contextLoader = 'org.springframework.boot.test.context.SpringBootContextLoader', parent = [null]], attributes = map[[empty]]]
]]></system-out>
  </testcase>
  <testcase name="shouldFindOwnersByLastName" classname="org.springframework.samples.petclinic.service.ClinicServiceTests" time="0.067">
    <error message="could not prepare statement; SQL [select distinct owner0_.id as id1_4_0_, pets1_.id as id1_5_1_, owner0_.first_name as first_na2_4_0_, owner0_.last_name as last_nam3_4_0_, owner0_.address as address4_4_0_, owner0_.city as city5_4_0_, owner0_.telephone as telephon6_4_0_, pets1_.name as name2_5_1_, pets1_.birth_date as birth_da3_5_1_, pets1_.owner_id as owner_id4_5_1_, pets1_.type_id as type_id5_5_1_, pets1_.owner_id as owner_id4_5_0__, pets1_.id as id1_5_0__ from owners owner0_ left outer join pets pets1_ on owner0_.id=pets1_.owner_id where owner0_.last_name like ?]; nested exception is org.hibernate.exception.SQLGrammarException: could not prepare statement" type="org.springframework.dao.InvalidDataAccessResourceUsageException">org.springframework.dao.InvalidDataAccessResourceUsageException: could not prepare statement; SQL [select distinct owner0_.id as id1_4_0_, pets1_.id as id1_5_1_, owner0_.first_name as first_na2_4_0_, owner0_.last_name as last_nam3_4_0_, owner0_.address as address4_4_0_, owner0_.city as city5_4_0_, owner0_.telephone as telephon6_4_0_, pets1_.name as name2_5_1_, pets1_.birth_date as birth_da3_5_1_, pets1_.owner_id as owner_id4_5_1_, pets1_.type_id as type_id5_5_1_, pets1_.owner_id as owner_id4_5_0__, pets1_.id as id1_5_0__ from owners owner0_ left outer join pets pets1_ on owner0_.id=pets1_.owner_id where owner0_.last_name like ?]; nested exception is org.hibernate.exception.SQLGrammarException: could not prepare statement
	at org.springframework.samples.petclinic.service.ClinicServiceTests.shouldFindOwnersByLastName(ClinicServiceTests.java:81)
Caused by: org.hibernate.exception.SQLGrammarException: could not prepare statement
	at org.springframework.samples.petclinic.service.ClinicServiceTests.shouldFindOwnersByLastName(ClinicServiceTests.java:81)
Caused by: java.sql.SQLSyntaxErrorException: usuario no tiene privilegios suficientes o objeto no encontrado: OWNERS in statement [select distinct owner0_.id as id1_4_0_, pets1_.id as id1_5_1_, owner0_.first_name as first_na2_4_0_, owner0_.last_name as last_nam3_4_0_, owner0_.address as address4_4_0_, owner0_.city as city5_4_0_, owner0_.telephone as telephon6_4_0_, pets1_.name as name2_5_1_, pets1_.birth_date as birth_da3_5_1_, pets1_.owner_id as owner_id4_5_1_, pets1_.type_id as type_id5_5_1_, pets1_.owner_id as owner_id4_5_0__, pets1_.id as id1_5_0__ from owners owner0_ left outer join pets pets1_ on owner0_.id=pets1_.owner_id where owner0_.last_name like ?]
	at org.springframework.samples.petclinic.service.ClinicServiceTests.shouldFindOwnersByLastName(ClinicServiceTests.java:81)
Caused by: org.hsqldb.HsqlException: usuario no tiene privilegios suficientes o objeto no encontrado: OWNERS
	at org.springframework.samples.petclinic.service.ClinicServiceTests.shouldFindOwnersByLastName(ClinicServiceTests.java:81)
</error>
    <system-out><![CDATA[2019-01-22 22:25:56.261  INFO 112440 --- [           main] o.s.t.c.transaction.TransactionContext   : Began transaction (1) for test context [DefaultTestContext@1ea3bbdf testClass = ClinicServiceTests, testInstance = org.springframework.samples.petclinic.service.ClinicServiceTests@32058162, testMethod = shouldFindOwnersByLastName@ClinicServiceTests, testException = [null], mergedContextConfiguration = [MergedContextConfiguration@178f69e8 testClass = ClinicServiceTests, locations = '{}', classes = '{class org.springframework.samples.petclinic.PetClinicApplication}', contextInitializerClasses = '[]', activeProfiles = '{}', propertySourceLocations = '{}', propertySourceProperties = '{org.springframework.boot.test.autoconfigure.orm.jpa.DataJpaTestContextBootstrapper=true}', contextCustomizers = set[[ImportsContextCustomizer@1ad8077b key = [org.springframework.boot.autoconfigure.cache.CacheAutoConfiguration, org.springframework.boot.autoconfigure.data.jpa.JpaRepositoriesAutoConfiguration, org.springframework.boot.autoconfigure.flyway.FlywayAutoConfiguration, org.springframework.boot.autoconfigure.jdbc.DataSourceAutoConfiguration, org.springframework.boot.autoconfigure.jdbc.DataSourceTransactionManagerAutoConfiguration, org.springframework.boot.autoconfigure.jdbc.JdbcTemplateAutoConfiguration, org.springframework.boot.autoconfigure.liquibase.LiquibaseAutoConfiguration, org.springframework.boot.autoconfigure.orm.jpa.HibernateJpaAutoConfiguration, org.springframework.boot.autoconfigure.transaction.TransactionAutoConfiguration, org.springframework.boot.test.autoconfigure.jdbc.TestDatabaseAutoConfiguration, org.springframework.boot.test.autoconfigure.orm.jpa.TestEntityManagerAutoConfiguration]], org.springframework.boot.test.context.filter.ExcludeFilterContextCustomizer@2f897dab, org.springframework.boot.test.json.DuplicateJsonObjectContextCustomizerFactory$DuplicateJsonObjectContextCustomizer@2cae9b8, org.springframework.boot.test.mock.mockito.MockitoContextCustomizer@0, org.springframework.boot.test.autoconfigure.OverrideAutoConfigurationContextCustomizerFactory$DisableAutoConfigurationContextCustomizer@6ab4a5b, org.springframework.boot.test.autoconfigure.filter.TypeExcludeFiltersContextCustomizer@c18bb3e, org.springframework.boot.test.autoconfigure.properties.PropertyMappingContextCustomizer@2847ab75, org.springframework.boot.test.autoconfigure.web.servlet.WebDriverContextCustomizerFactory$Customizer@29fa6b65], contextLoader = 'org.springframework.boot.test.context.SpringBootContextLoader', parent = [null]], attributes = map[[empty]]]; transaction manager [org.springframework.orm.jpa.JpaTransactionManager@2322f6d9]; rollback [true]
Hibernate: select distinct owner0_.id as id1_4_0_, pets1_.id as id1_5_1_, owner0_.first_name as first_na2_4_0_, owner0_.last_name as last_nam3_4_0_, owner0_.address as address4_4_0_, owner0_.city as city5_4_0_, owner0_.telephone as telephon6_4_0_, pets1_.name as name2_5_1_, pets1_.birth_date as birth_da3_5_1_, pets1_.owner_id as owner_id4_5_1_, pets1_.type_id as type_id5_5_1_, pets1_.owner_id as owner_id4_5_0__, pets1_.id as id1_5_0__ from owners owner0_ left outer join pets pets1_ on owner0_.id=pets1_.owner_id where owner0_.last_name like ?
2019-01-22 22:25:56.297  WARN 112440 --- [           main] o.h.engine.jdbc.spi.SqlExceptionHelper   : SQL Error: -5501, SQLState: 42501
2019-01-22 22:25:56.297 ERROR 112440 --- [           main] o.h.engine.jdbc.spi.SqlExceptionHelper   : usuario no tiene privilegios suficientes o objeto no encontrado: OWNERS in statement [select distinct owner0_.id as id1_4_0_, pets1_.id as id1_5_1_, owner0_.first_name as first_na2_4_0_, owner0_.last_name as last_nam3_4_0_, owner0_.address as address4_4_0_, owner0_.city as city5_4_0_, owner0_.telephone as telephon6_4_0_, pets1_.name as name2_5_1_, pets1_.birth_date as birth_da3_5_1_, pets1_.owner_id as owner_id4_5_1_, pets1_.type_id as type_id5_5_1_, pets1_.owner_id as owner_id4_5_0__, pets1_.id as id1_5_0__ from owners owner0_ left outer join pets pets1_ on owner0_.id=pets1_.owner_id where owner0_.last_name like ?]
2019-01-22 22:25:56.300  INFO 112440 --- [           main] o.s.t.c.transaction.TransactionContext   : Rolled back transaction for test: [DefaultTestContext@1ea3bbdf testClass = ClinicServiceTests, testInstance = org.springframework.samples.petclinic.service.ClinicServiceTests@32058162, testMethod = shouldFindOwnersByLastName@ClinicServiceTests, testException = org.springframework.dao.InvalidDataAccessResourceUsageException: could not prepare statement; SQL [select distinct owner0_.id as id1_4_0_, pets1_.id as id1_5_1_, owner0_.first_name as first_na2_4_0_, owner0_.last_name as last_nam3_4_0_, owner0_.address as address4_4_0_, owner0_.city as city5_4_0_, owner0_.telephone as telephon6_4_0_, pets1_.name as name2_5_1_, pets1_.birth_date as birth_da3_5_1_, pets1_.owner_id as owner_id4_5_1_, pets1_.type_id as type_id5_5_1_, pets1_.owner_id as owner_id4_5_0__, pets1_.id as id1_5_0__ from owners owner0_ left outer join pets pets1_ on owner0_.id=pets1_.owner_id where owner0_.last_name like ?]; nested exception is org.hibernate.exception.SQLGrammarException: could not prepare statement, mergedContextConfiguration = [MergedContextConfiguration@178f69e8 testClass = ClinicServiceTests, locations = '{}', classes = '{class org.springframework.samples.petclinic.PetClinicApplication}', contextInitializerClasses = '[]', activeProfiles = '{}', propertySourceLocations = '{}', propertySourceProperties = '{org.springframework.boot.test.autoconfigure.orm.jpa.DataJpaTestContextBootstrapper=true}', contextCustomizers = set[[ImportsContextCustomizer@1ad8077b key = [org.springframework.boot.autoconfigure.cache.CacheAutoConfiguration, org.springframework.boot.autoconfigure.data.jpa.JpaRepositoriesAutoConfiguration, org.springframework.boot.autoconfigure.flyway.FlywayAutoConfiguration, org.springframework.boot.autoconfigure.jdbc.DataSourceAutoConfiguration, org.springframework.boot.autoconfigure.jdbc.DataSourceTransactionManagerAutoConfiguration, org.springframework.boot.autoconfigure.jdbc.JdbcTemplateAutoConfiguration, org.springframework.boot.autoconfigure.liquibase.LiquibaseAutoConfiguration, org.springframework.boot.autoconfigure.orm.jpa.HibernateJpaAutoConfiguration, org.springframework.boot.autoconfigure.transaction.TransactionAutoConfiguration, org.springframework.boot.test.autoconfigure.jdbc.TestDatabaseAutoConfiguration, org.springframework.boot.test.autoconfigure.orm.jpa.TestEntityManagerAutoConfiguration]], org.springframework.boot.test.context.filter.ExcludeFilterContextCustomizer@2f897dab, org.springframework.boot.test.json.DuplicateJsonObjectContextCustomizerFactory$DuplicateJsonObjectContextCustomizer@2cae9b8, org.springframework.boot.test.mock.mockito.MockitoContextCustomizer@0, org.springframework.boot.test.autoconfigure.OverrideAutoConfigurationContextCustomizerFactory$DisableAutoConfigurationContextCustomizer@6ab4a5b, org.springframework.boot.test.autoconfigure.filter.TypeExcludeFiltersContextCustomizer@c18bb3e, org.springframework.boot.test.autoconfigure.properties.PropertyMappingContextCustomizer@2847ab75, org.springframework.boot.test.autoconfigure.web.servlet.WebDriverContextCustomizerFactory$Customizer@29fa6b65], contextLoader = 'org.springframework.boot.test.context.SpringBootContextLoader', parent = [null]], attributes = map[[empty]]]
]]></system-out>
  </testcase>
  <testcase name="shouldAddNewVisitForPet" classname="org.springframework.samples.petclinic.service.ClinicServiceTests" time="0.036">
    <error message="could not prepare statement; SQL [select pet0_.id as id1_5_0_, pet0_.name as name2_5_0_, pet0_.birth_date as birth_da3_5_0_, pet0_.owner_id as owner_id4_5_0_, pet0_.type_id as type_id5_5_0_, owner1_.id as id1_4_1_, owner1_.first_name as first_na2_4_1_, owner1_.last_name as last_nam3_4_1_, owner1_.address as address4_4_1_, owner1_.city as city5_4_1_, owner1_.telephone as telephon6_4_1_, pettype2_.id as id1_8_2_, pettype2_.name as name2_8_2_, visits3_.pet_id as pet_id4_11_3_, visits3_.id as id1_11_3_, visits3_.id as id1_11_4_, visits3_.visit_date as visit_da2_11_4_, visits3_.description as descript3_11_4_, visits3_.pet_id as pet_id4_11_4_ from pets pet0_ left outer join owners owner1_ on pet0_.owner_id=owner1_.id left outer join types pettype2_ on pet0_.type_id=pettype2_.id left outer join visits visits3_ on pet0_.id=visits3_.pet_id where pet0_.id=?]; nested exception is org.hibernate.exception.SQLGrammarException: could not prepare statement" type="org.springframework.dao.InvalidDataAccessResourceUsageException">org.springframework.dao.InvalidDataAccessResourceUsageException: could not prepare statement; SQL [select pet0_.id as id1_5_0_, pet0_.name as name2_5_0_, pet0_.birth_date as birth_da3_5_0_, pet0_.owner_id as owner_id4_5_0_, pet0_.type_id as type_id5_5_0_, owner1_.id as id1_4_1_, owner1_.first_name as first_na2_4_1_, owner1_.last_name as last_nam3_4_1_, owner1_.address as address4_4_1_, owner1_.city as city5_4_1_, owner1_.telephone as telephon6_4_1_, pettype2_.id as id1_8_2_, pettype2_.name as name2_8_2_, visits3_.pet_id as pet_id4_11_3_, visits3_.id as id1_11_3_, visits3_.id as id1_11_4_, visits3_.visit_date as visit_da2_11_4_, visits3_.description as descript3_11_4_, visits3_.pet_id as pet_id4_11_4_ from pets pet0_ left outer join owners owner1_ on pet0_.owner_id=owner1_.id left outer join types pettype2_ on pet0_.type_id=pettype2_.id left outer join visits visits3_ on pet0_.id=visits3_.pet_id where pet0_.id=?]; nested exception is org.hibernate.exception.SQLGrammarException: could not prepare statement
	at org.springframework.samples.petclinic.service.ClinicServiceTests.shouldAddNewVisitForPet(ClinicServiceTests.java:200)
Caused by: org.hibernate.exception.SQLGrammarException: could not prepare statement
	at org.springframework.samples.petclinic.service.ClinicServiceTests.shouldAddNewVisitForPet(ClinicServiceTests.java:200)
Caused by: java.sql.SQLSyntaxErrorException: usuario no tiene privilegios suficientes o objeto no encontrado: PETS in statement [select pet0_.id as id1_5_0_, pet0_.name as name2_5_0_, pet0_.birth_date as birth_da3_5_0_, pet0_.owner_id as owner_id4_5_0_, pet0_.type_id as type_id5_5_0_, owner1_.id as id1_4_1_, owner1_.first_name as first_na2_4_1_, owner1_.last_name as last_nam3_4_1_, owner1_.address as address4_4_1_, owner1_.city as city5_4_1_, owner1_.telephone as telephon6_4_1_, pettype2_.id as id1_8_2_, pettype2_.name as name2_8_2_, visits3_.pet_id as pet_id4_11_3_, visits3_.id as id1_11_3_, visits3_.id as id1_11_4_, visits3_.visit_date as visit_da2_11_4_, visits3_.description as descript3_11_4_, visits3_.pet_id as pet_id4_11_4_ from pets pet0_ left outer join owners owner1_ on pet0_.owner_id=owner1_.id left outer join types pettype2_ on pet0_.type_id=pettype2_.id left outer join visits visits3_ on pet0_.id=visits3_.pet_id where pet0_.id=?]
	at org.springframework.samples.petclinic.service.ClinicServiceTests.shouldAddNewVisitForPet(ClinicServiceTests.java:200)
Caused by: org.hsqldb.HsqlException: usuario no tiene privilegios suficientes o objeto no encontrado: PETS
	at org.springframework.samples.petclinic.service.ClinicServiceTests.shouldAddNewVisitForPet(ClinicServiceTests.java:200)
</error>
    <system-out><![CDATA[2019-01-22 22:25:56.313  INFO 112440 --- [           main] o.s.t.c.transaction.TransactionContext   : Began transaction (1) for test context [DefaultTestContext@1ea3bbdf testClass = ClinicServiceTests, testInstance = org.springframework.samples.petclinic.service.ClinicServiceTests@1e138565, testMethod = shouldAddNewVisitForPet@ClinicServiceTests, testException = [null], mergedContextConfiguration = [MergedContextConfiguration@178f69e8 testClass = ClinicServiceTests, locations = '{}', classes = '{class org.springframework.samples.petclinic.PetClinicApplication}', contextInitializerClasses = '[]', activeProfiles = '{}', propertySourceLocations = '{}', propertySourceProperties = '{org.springframework.boot.test.autoconfigure.orm.jpa.DataJpaTestContextBootstrapper=true}', contextCustomizers = set[[ImportsContextCustomizer@1ad8077b key = [org.springframework.boot.autoconfigure.cache.CacheAutoConfiguration, org.springframework.boot.autoconfigure.data.jpa.JpaRepositoriesAutoConfiguration, org.springframework.boot.autoconfigure.flyway.FlywayAutoConfiguration, org.springframework.boot.autoconfigure.jdbc.DataSourceAutoConfiguration, org.springframework.boot.autoconfigure.jdbc.DataSourceTransactionManagerAutoConfiguration, org.springframework.boot.autoconfigure.jdbc.JdbcTemplateAutoConfiguration, org.springframework.boot.autoconfigure.liquibase.LiquibaseAutoConfiguration, org.springframework.boot.autoconfigure.orm.jpa.HibernateJpaAutoConfiguration, org.springframework.boot.autoconfigure.transaction.TransactionAutoConfiguration, org.springframework.boot.test.autoconfigure.jdbc.TestDatabaseAutoConfiguration, org.springframework.boot.test.autoconfigure.orm.jpa.TestEntityManagerAutoConfiguration]], org.springframework.boot.test.context.filter.ExcludeFilterContextCustomizer@2f897dab, org.springframework.boot.test.json.DuplicateJsonObjectContextCustomizerFactory$DuplicateJsonObjectContextCustomizer@2cae9b8, org.springframework.boot.test.mock.mockito.MockitoContextCustomizer@0, org.springframework.boot.test.autoconfigure.OverrideAutoConfigurationContextCustomizerFactory$DisableAutoConfigurationContextCustomizer@6ab4a5b, org.springframework.boot.test.autoconfigure.filter.TypeExcludeFiltersContextCustomizer@c18bb3e, org.springframework.boot.test.autoconfigure.properties.PropertyMappingContextCustomizer@2847ab75, org.springframework.boot.test.autoconfigure.web.servlet.WebDriverContextCustomizerFactory$Customizer@29fa6b65], contextLoader = 'org.springframework.boot.test.context.SpringBootContextLoader', parent = [null]], attributes = map[[empty]]]; transaction manager [org.springframework.orm.jpa.JpaTransactionManager@2322f6d9]; rollback [true]
Hibernate: select pet0_.id as id1_5_0_, pet0_.name as name2_5_0_, pet0_.birth_date as birth_da3_5_0_, pet0_.owner_id as owner_id4_5_0_, pet0_.type_id as type_id5_5_0_, owner1_.id as id1_4_1_, owner1_.first_name as first_na2_4_1_, owner1_.last_name as last_nam3_4_1_, owner1_.address as address4_4_1_, owner1_.city as city5_4_1_, owner1_.telephone as telephon6_4_1_, pettype2_.id as id1_8_2_, pettype2_.name as name2_8_2_, visits3_.pet_id as pet_id4_11_3_, visits3_.id as id1_11_3_, visits3_.id as id1_11_4_, visits3_.visit_date as visit_da2_11_4_, visits3_.description as descript3_11_4_, visits3_.pet_id as pet_id4_11_4_ from pets pet0_ left outer join owners owner1_ on pet0_.owner_id=owner1_.id left outer join types pettype2_ on pet0_.type_id=pettype2_.id left outer join visits visits3_ on pet0_.id=visits3_.pet_id where pet0_.id=?
2019-01-22 22:25:56.317  WARN 112440 --- [           main] o.h.engine.jdbc.spi.SqlExceptionHelper   : SQL Error: -5501, SQLState: 42501
2019-01-22 22:25:56.318 ERROR 112440 --- [           main] o.h.engine.jdbc.spi.SqlExceptionHelper   : usuario no tiene privilegios suficientes o objeto no encontrado: PETS in statement [select pet0_.id as id1_5_0_, pet0_.name as name2_5_0_, pet0_.birth_date as birth_da3_5_0_, pet0_.owner_id as owner_id4_5_0_, pet0_.type_id as type_id5_5_0_, owner1_.id as id1_4_1_, owner1_.first_name as first_na2_4_1_, owner1_.last_name as last_nam3_4_1_, owner1_.address as address4_4_1_, owner1_.city as city5_4_1_, owner1_.telephone as telephon6_4_1_, pettype2_.id as id1_8_2_, pettype2_.name as name2_8_2_, visits3_.pet_id as pet_id4_11_3_, visits3_.id as id1_11_3_, visits3_.id as id1_11_4_, visits3_.visit_date as visit_da2_11_4_, visits3_.description as descript3_11_4_, visits3_.pet_id as pet_id4_11_4_ from pets pet0_ left outer join owners owner1_ on pet0_.owner_id=owner1_.id left outer join types pettype2_ on pet0_.type_id=pettype2_.id left outer join visits visits3_ on pet0_.id=visits3_.pet_id where pet0_.id=?]
2019-01-22 22:25:56.321  INFO 112440 --- [           main] o.h.e.internal.DefaultLoadEventListener  : HHH000327: Error performing load command : org.hibernate.exception.SQLGrammarException: could not prepare statement

org.hibernate.exception.SQLGrammarException: could not prepare statement
	at org.hibernate.exception.internal.SQLExceptionTypeDelegate.convert(SQLExceptionTypeDelegate.java:63) ~[hibernate-core-5.3.7.Final.jar:5.3.7.Final]
	at org.hibernate.exception.internal.StandardSQLExceptionConverter.convert(StandardSQLExceptionConverter.java:42) ~[hibernate-core-5.3.7.Final.jar:5.3.7.Final]
	at org.hibernate.engine.jdbc.spi.SqlExceptionHelper.convert(SqlExceptionHelper.java:113) ~[hibernate-core-5.3.7.Final.jar:5.3.7.Final]
	at org.hibernate.engine.jdbc.internal.StatementPreparerImpl$StatementPreparationTemplate.prepareStatement(StatementPreparerImpl.java:182) ~[hibernate-core-5.3.7.Final.jar:5.3.7.Final]
	at org.hibernate.engine.jdbc.internal.StatementPreparerImpl.prepareQueryStatement(StatementPreparerImpl.java:148) ~[hibernate-core-5.3.7.Final.jar:5.3.7.Final]
	at org.hibernate.loader.plan.exec.internal.AbstractLoadPlanBasedLoader.prepareQueryStatement(AbstractLoadPlanBasedLoader.java:226) ~[hibernate-core-5.3.7.Final.jar:5.3.7.Final]
	at org.hibernate.loader.plan.exec.internal.AbstractLoadPlanBasedLoader.executeQueryStatement(AbstractLoadPlanBasedLoader.java:190) ~[hibernate-core-5.3.7.Final.jar:5.3.7.Final]
	at org.hibernate.loader.plan.exec.internal.AbstractLoadPlanBasedLoader.executeLoad(AbstractLoadPlanBasedLoader.java:121) ~[hibernate-core-5.3.7.Final.jar:5.3.7.Final]
	at org.hibernate.loader.plan.exec.internal.AbstractLoadPlanBasedLoader.executeLoad(AbstractLoadPlanBasedLoader.java:86) ~[hibernate-core-5.3.7.Final.jar:5.3.7.Final]
	at org.hibernate.loader.entity.plan.AbstractLoadPlanBasedEntityLoader.load(AbstractLoadPlanBasedEntityLoader.java:188) ~[hibernate-core-5.3.7.Final.jar:5.3.7.Final]
	at org.hibernate.persister.entity.AbstractEntityPersister.load(AbstractEntityPersister.java:4269) ~[hibernate-core-5.3.7.Final.jar:5.3.7.Final]
	at org.hibernate.event.internal.DefaultLoadEventListener.loadFromDatasource(DefaultLoadEventListener.java:511) [hibernate-core-5.3.7.Final.jar:5.3.7.Final]
	at org.hibernate.event.internal.DefaultLoadEventListener.doLoad(DefaultLoadEventListener.java:481) [hibernate-core-5.3.7.Final.jar:5.3.7.Final]
	at org.hibernate.event.internal.DefaultLoadEventListener.load(DefaultLoadEventListener.java:222) [hibernate-core-5.3.7.Final.jar:5.3.7.Final]
	at org.hibernate.event.internal.DefaultLoadEventListener.proxyOrLoad(DefaultLoadEventListener.java:281) [hibernate-core-5.3.7.Final.jar:5.3.7.Final]
	at org.hibernate.event.internal.DefaultLoadEventListener.doOnLoad(DefaultLoadEventListener.java:124) [hibernate-core-5.3.7.Final.jar:5.3.7.Final]
	at org.hibernate.event.internal.DefaultLoadEventListener.onLoad(DefaultLoadEventListener.java:92) [hibernate-core-5.3.7.Final.jar:5.3.7.Final]
	at org.hibernate.internal.SessionImpl.fireLoad(SessionImpl.java:1257) [hibernate-core-5.3.7.Final.jar:5.3.7.Final]
	at org.hibernate.internal.SessionImpl.access$1900(SessionImpl.java:207) [hibernate-core-5.3.7.Final.jar:5.3.7.Final]
	at org.hibernate.internal.SessionImpl$IdentifierLoadAccessImpl.doLoad(SessionImpl.java:2874) [hibernate-core-5.3.7.Final.jar:5.3.7.Final]
	at org.hibernate.internal.SessionImpl$IdentifierLoadAccessImpl.load(SessionImpl.java:2848) [hibernate-core-5.3.7.Final.jar:5.3.7.Final]
	at org.hibernate.internal.SessionImpl.find(SessionImpl.java:3483) [hibernate-core-5.3.7.Final.jar:5.3.7.Final]
	at org.hibernate.internal.SessionImpl.find(SessionImpl.java:3452) [hibernate-core-5.3.7.Final.jar:5.3.7.Final]
	at sun.reflect.NativeMethodAccessorImpl.invoke0(Native Method) ~[na:1.8.0_111]
	at sun.reflect.NativeMethodAccessorImpl.invoke(NativeMethodAccessorImpl.java:62) ~[na:1.8.0_111]
	at sun.reflect.DelegatingMethodAccessorImpl.invoke(DelegatingMethodAccessorImpl.java:43) ~[na:1.8.0_111]
	at java.lang.reflect.Method.invoke(Method.java:498) ~[na:1.8.0_111]
	at org.springframework.orm.jpa.SharedEntityManagerCreator$SharedEntityManagerInvocationHandler.invoke(SharedEntityManagerCreator.java:308) [spring-orm-5.1.2.RELEASE.jar:5.1.2.RELEASE]
	at com.sun.proxy.$Proxy158.find(Unknown Source) [na:na]
	at org.springframework.data.jpa.repository.support.SimpleJpaRepository.findById(SimpleJpaRepository.java:234) [spring-data-jpa-2.1.2.RELEASE.jar:2.1.2.RELEASE]
	at sun.reflect.NativeMethodAccessorImpl.invoke0(Native Method) ~[na:1.8.0_111]
	at sun.reflect.NativeMethodAccessorImpl.invoke(NativeMethodAccessorImpl.java:62) ~[na:1.8.0_111]
	at sun.reflect.DelegatingMethodAccessorImpl.invoke(DelegatingMethodAccessorImpl.java:43) ~[na:1.8.0_111]
	at java.lang.reflect.Method.invoke(Method.java:498) ~[na:1.8.0_111]
	at org.springframework.data.repository.core.support.RepositoryComposition$RepositoryFragments.invoke(RepositoryComposition.java:359) [spring-data-commons-2.1.2.RELEASE.jar:2.1.2.RELEASE]
	at org.springframework.data.repository.core.support.RepositoryComposition.invoke(RepositoryComposition.java:200) [spring-data-commons-2.1.2.RELEASE.jar:2.1.2.RELEASE]
	at org.springframework.data.repository.core.support.RepositoryFactorySupport$ImplementationMethodExecutionInterceptor.invoke(RepositoryFactorySupport.java:644) [spring-data-commons-2.1.2.RELEASE.jar:2.1.2.RELEASE]
	at org.springframework.aop.framework.ReflectiveMethodInvocation.proceed(ReflectiveMethodInvocation.java:186) [spring-aop-5.1.2.RELEASE.jar:5.1.2.RELEASE]
	at org.springframework.data.repository.core.support.RepositoryFactorySupport$QueryExecutorMethodInterceptor.doInvoke(RepositoryFactorySupport.java:608) [spring-data-commons-2.1.2.RELEASE.jar:2.1.2.RELEASE]
	at org.springframework.data.repository.core.support.RepositoryFactorySupport$QueryExecutorMethodInterceptor.lambda$invoke$3(RepositoryFactorySupport.java:595) [spring-data-commons-2.1.2.RELEASE.jar:2.1.2.RELEASE]
	at org.springframework.data.repository.core.support.RepositoryFactorySupport$QueryExecutorMethodInterceptor.invoke(RepositoryFactorySupport.java:595) [spring-data-commons-2.1.2.RELEASE.jar:2.1.2.RELEASE]
	at org.springframework.aop.framework.ReflectiveMethodInvocation.proceed(ReflectiveMethodInvocation.java:186) [spring-aop-5.1.2.RELEASE.jar:5.1.2.RELEASE]
	at org.springframework.data.projection.DefaultMethodInvokingMethodInterceptor.invoke(DefaultMethodInvokingMethodInterceptor.java:59) ~[spring-data-commons-2.1.2.RELEASE.jar:2.1.2.RELEASE]
	at org.springframework.aop.framework.ReflectiveMethodInvocation.proceed(ReflectiveMethodInvocation.java:186) [spring-aop-5.1.2.RELEASE.jar:5.1.2.RELEASE]
	at org.springframework.transaction.interceptor.TransactionAspectSupport.invokeWithinTransaction(TransactionAspectSupport.java:294) ~[spring-tx-5.1.2.RELEASE.jar:5.1.2.RELEASE]
	at org.springframework.transaction.interceptor.TransactionInterceptor.invoke(TransactionInterceptor.java:98) ~[spring-tx-5.1.2.RELEASE.jar:5.1.2.RELEASE]
	at org.springframework.aop.framework.ReflectiveMethodInvocation.proceed(ReflectiveMethodInvocation.java:186) [spring-aop-5.1.2.RELEASE.jar:5.1.2.RELEASE]
	at org.springframework.dao.support.PersistenceExceptionTranslationInterceptor.invoke(PersistenceExceptionTranslationInterceptor.java:139) ~[spring-tx-5.1.2.RELEASE.jar:5.1.2.RELEASE]
	at org.springframework.aop.framework.ReflectiveMethodInvocation.proceed(ReflectiveMethodInvocation.java:186) [spring-aop-5.1.2.RELEASE.jar:5.1.2.RELEASE]
	at org.springframework.data.jpa.repository.support.CrudMethodMetadataPostProcessor$CrudMethodMetadataPopulatingMethodInterceptor.invoke(CrudMethodMetadataPostProcessor.java:135) ~[spring-data-jpa-2.1.2.RELEASE.jar:2.1.2.RELEASE]
	at org.springframework.aop.framework.ReflectiveMethodInvocation.proceed(ReflectiveMethodInvocation.java:186) [spring-aop-5.1.2.RELEASE.jar:5.1.2.RELEASE]
	at org.springframework.aop.interceptor.ExposeInvocationInterceptor.invoke(ExposeInvocationInterceptor.java:93) ~[spring-aop-5.1.2.RELEASE.jar:5.1.2.RELEASE]
	at org.springframework.aop.framework.ReflectiveMethodInvocation.proceed(ReflectiveMethodInvocation.java:186) [spring-aop-5.1.2.RELEASE.jar:5.1.2.RELEASE]
	at org.springframework.data.repository.core.support.SurroundingTransactionDetectorMethodInterceptor.invoke(SurroundingTransactionDetectorMethodInterceptor.java:61) ~[spring-data-commons-2.1.2.RELEASE.jar:2.1.2.RELEASE]
	at org.springframework.aop.framework.ReflectiveMethodInvocation.proceed(ReflectiveMethodInvocation.java:186) [spring-aop-5.1.2.RELEASE.jar:5.1.2.RELEASE]
	at org.springframework.aop.framework.JdkDynamicAopProxy.invoke(JdkDynamicAopProxy.java:212) ~[spring-aop-5.1.2.RELEASE.jar:5.1.2.RELEASE]
	at com.sun.proxy.$Proxy165.findById(Unknown Source) ~[na:na]
	at org.springframework.samples.petclinic.service.ClinicServiceTests.shouldAddNewVisitForPet(ClinicServiceTests.java:200) ~[test-classes/:na]
	at sun.reflect.NativeMethodAccessorImpl.invoke0(Native Method) ~[na:1.8.0_111]
	at sun.reflect.NativeMethodAccessorImpl.invoke(NativeMethodAccessorImpl.java:62) ~[na:1.8.0_111]
	at sun.reflect.DelegatingMethodAccessorImpl.invoke(DelegatingMethodAccessorImpl.java:43) ~[na:1.8.0_111]
	at java.lang.reflect.Method.invoke(Method.java:498) ~[na:1.8.0_111]
	at org.junit.runners.model.FrameworkMethod$1.runReflectiveCall(FrameworkMethod.java:50) ~[junit-4.12.jar:4.12]
	at org.junit.internal.runners.model.ReflectiveCallable.run(ReflectiveCallable.java:12) ~[junit-4.12.jar:4.12]
	at org.junit.runners.model.FrameworkMethod.invokeExplosively(FrameworkMethod.java:47) ~[junit-4.12.jar:4.12]
	at org.junit.internal.runners.statements.InvokeMethod.evaluate(InvokeMethod.java:17) ~[junit-4.12.jar:4.12]
	at org.springframework.test.context.junit4.statements.RunBeforeTestExecutionCallbacks.evaluate(RunBeforeTestExecutionCallbacks.java:74) ~[spring-test-5.1.2.RELEASE.jar:5.1.2.RELEASE]
	at org.springframework.test.context.junit4.statements.RunAfterTestExecutionCallbacks.evaluate(RunAfterTestExecutionCallbacks.java:84) ~[spring-test-5.1.2.RELEASE.jar:5.1.2.RELEASE]
	at org.springframework.test.context.junit4.statements.RunBeforeTestMethodCallbacks.evaluate(RunBeforeTestMethodCallbacks.java:75) ~[spring-test-5.1.2.RELEASE.jar:5.1.2.RELEASE]
	at org.springframework.test.context.junit4.statements.RunAfterTestMethodCallbacks.evaluate(RunAfterTestMethodCallbacks.java:86) ~[spring-test-5.1.2.RELEASE.jar:5.1.2.RELEASE]
	at org.springframework.test.context.junit4.statements.SpringRepeat.evaluate(SpringRepeat.java:84) ~[spring-test-5.1.2.RELEASE.jar:5.1.2.RELEASE]
	at org.junit.runners.ParentRunner.runLeaf(ParentRunner.java:325) ~[junit-4.12.jar:4.12]
	at org.springframework.test.context.junit4.SpringJUnit4ClassRunner.runChild(SpringJUnit4ClassRunner.java:251) ~[spring-test-5.1.2.RELEASE.jar:5.1.2.RELEASE]
	at org.springframework.test.context.junit4.SpringJUnit4ClassRunner.runChild(SpringJUnit4ClassRunner.java:97) ~[spring-test-5.1.2.RELEASE.jar:5.1.2.RELEASE]
	at org.junit.runners.ParentRunner$3.run(ParentRunner.java:290) ~[junit-4.12.jar:4.12]
	at org.junit.runners.ParentRunner$1.schedule(ParentRunner.java:71) ~[junit-4.12.jar:4.12]
	at org.junit.runners.ParentRunner.runChildren(ParentRunner.java:288) ~[junit-4.12.jar:4.12]
	at org.junit.runners.ParentRunner.access$000(ParentRunner.java:58) ~[junit-4.12.jar:4.12]
	at org.junit.runners.ParentRunner$2.evaluate(ParentRunner.java:268) ~[junit-4.12.jar:4.12]
	at org.springframework.test.context.junit4.statements.RunBeforeTestClassCallbacks.evaluate(RunBeforeTestClassCallbacks.java:61) ~[spring-test-5.1.2.RELEASE.jar:5.1.2.RELEASE]
	at org.springframework.test.context.junit4.statements.RunAfterTestClassCallbacks.evaluate(RunAfterTestClassCallbacks.java:70) ~[spring-test-5.1.2.RELEASE.jar:5.1.2.RELEASE]
	at org.junit.runners.ParentRunner.run(ParentRunner.java:363) ~[junit-4.12.jar:4.12]
	at org.springframework.test.context.junit4.SpringJUnit4ClassRunner.run(SpringJUnit4ClassRunner.java:190) ~[spring-test-5.1.2.RELEASE.jar:5.1.2.RELEASE]
	at org.apache.maven.surefire.junit4.JUnit4Provider.execute(JUnit4Provider.java:365) ~[surefire-junit4-2.22.1.jar:2.22.1]
	at org.apache.maven.surefire.junit4.JUnit4Provider.executeWithRerun(JUnit4Provider.java:273) ~[surefire-junit4-2.22.1.jar:2.22.1]
	at org.apache.maven.surefire.junit4.JUnit4Provider.executeTestSet(JUnit4Provider.java:238) ~[surefire-junit4-2.22.1.jar:2.22.1]
	at org.apache.maven.surefire.junit4.JUnit4Provider.invoke(JUnit4Provider.java:159) ~[surefire-junit4-2.22.1.jar:2.22.1]
	at org.apache.maven.surefire.booter.ForkedBooter.invokeProviderInSameClassLoader(ForkedBooter.java:384) ~[surefire-booter-2.22.1.jar:2.22.1]
	at org.apache.maven.surefire.booter.ForkedBooter.runSuitesInProcess(ForkedBooter.java:345) ~[surefire-booter-2.22.1.jar:2.22.1]
	at org.apache.maven.surefire.booter.ForkedBooter.execute(ForkedBooter.java:126) ~[surefire-booter-2.22.1.jar:2.22.1]
	at org.apache.maven.surefire.booter.ForkedBooter.main(ForkedBooter.java:418) ~[surefire-booter-2.22.1.jar:2.22.1]
Caused by: java.sql.SQLSyntaxErrorException: usuario no tiene privilegios suficientes o objeto no encontrado: PETS in statement [select pet0_.id as id1_5_0_, pet0_.name as name2_5_0_, pet0_.birth_date as birth_da3_5_0_, pet0_.owner_id as owner_id4_5_0_, pet0_.type_id as type_id5_5_0_, owner1_.id as id1_4_1_, owner1_.first_name as first_na2_4_1_, owner1_.last_name as last_nam3_4_1_, owner1_.address as address4_4_1_, owner1_.city as city5_4_1_, owner1_.telephone as telephon6_4_1_, pettype2_.id as id1_8_2_, pettype2_.name as name2_8_2_, visits3_.pet_id as pet_id4_11_3_, visits3_.id as id1_11_3_, visits3_.id as id1_11_4_, visits3_.visit_date as visit_da2_11_4_, visits3_.description as descript3_11_4_, visits3_.pet_id as pet_id4_11_4_ from pets pet0_ left outer join owners owner1_ on pet0_.owner_id=owner1_.id left outer join types pettype2_ on pet0_.type_id=pettype2_.id left outer join visits visits3_ on pet0_.id=visits3_.pet_id where pet0_.id=?]
	at org.hsqldb.jdbc.JDBCUtil.sqlException(Unknown Source) ~[hsqldb-2.4.1.jar:2.4.1]
	at org.hsqldb.jdbc.JDBCUtil.sqlException(Unknown Source) ~[hsqldb-2.4.1.jar:2.4.1]
	at org.hsqldb.jdbc.JDBCPreparedStatement.<init>(Unknown Source) ~[hsqldb-2.4.1.jar:2.4.1]
	at org.hsqldb.jdbc.JDBCConnection.prepareStatement(Unknown Source) ~[hsqldb-2.4.1.jar:2.4.1]
	at org.hibernate.engine.jdbc.internal.StatementPreparerImpl$5.doPrepare(StatementPreparerImpl.java:146) ~[hibernate-core-5.3.7.Final.jar:5.3.7.Final]
	at org.hibernate.engine.jdbc.internal.StatementPreparerImpl$StatementPreparationTemplate.prepareStatement(StatementPreparerImpl.java:172) ~[hibernate-core-5.3.7.Final.jar:5.3.7.Final]
	... 87 common frames omitted
Caused by: org.hsqldb.HsqlException: usuario no tiene privilegios suficientes o objeto no encontrado: PETS
	at org.hsqldb.error.Error.error(Unknown Source) ~[hsqldb-2.4.1.jar:2.4.1]
	at org.hsqldb.error.Error.error(Unknown Source) ~[hsqldb-2.4.1.jar:2.4.1]
	at org.hsqldb.ParserDQL.readTableName(Unknown Source) ~[hsqldb-2.4.1.jar:2.4.1]
	at org.hsqldb.ParserDQL.readTableOrSubquery(Unknown Source) ~[hsqldb-2.4.1.jar:2.4.1]
	at org.hsqldb.ParserDQL.XreadTableReference(Unknown Source) ~[hsqldb-2.4.1.jar:2.4.1]
	at org.hsqldb.ParserDQL.XreadFromClause(Unknown Source) ~[hsqldb-2.4.1.jar:2.4.1]
	at org.hsqldb.ParserDQL.XreadTableExpression(Unknown Source) ~[hsqldb-2.4.1.jar:2.4.1]
	at org.hsqldb.ParserDQL.XreadQuerySpecification(Unknown Source) ~[hsqldb-2.4.1.jar:2.4.1]
	at org.hsqldb.ParserDQL.XreadSimpleTable(Unknown Source) ~[hsqldb-2.4.1.jar:2.4.1]
	at org.hsqldb.ParserDQL.XreadQueryPrimary(Unknown Source) ~[hsqldb-2.4.1.jar:2.4.1]
	at org.hsqldb.ParserDQL.XreadQueryTerm(Unknown Source) ~[hsqldb-2.4.1.jar:2.4.1]
	at org.hsqldb.ParserDQL.XreadQueryExpressionBody(Unknown Source) ~[hsqldb-2.4.1.jar:2.4.1]
	at org.hsqldb.ParserDQL.XreadQueryExpression(Unknown Source) ~[hsqldb-2.4.1.jar:2.4.1]
	at org.hsqldb.ParserDQL.compileCursorSpecification(Unknown Source) ~[hsqldb-2.4.1.jar:2.4.1]
	at org.hsqldb.ParserCommand.compilePart(Unknown Source) ~[hsqldb-2.4.1.jar:2.4.1]
	at org.hsqldb.ParserCommand.compileStatement(Unknown Source) ~[hsqldb-2.4.1.jar:2.4.1]
	at org.hsqldb.Session.compileStatement(Unknown Source) ~[hsqldb-2.4.1.jar:2.4.1]
	at org.hsqldb.StatementManager.compile(Unknown Source) ~[hsqldb-2.4.1.jar:2.4.1]
	at org.hsqldb.Session.execute(Unknown Source) ~[hsqldb-2.4.1.jar:2.4.1]
	... 91 common frames omitted

2019-01-22 22:25:56.326  INFO 112440 --- [           main] o.s.t.c.transaction.TransactionContext   : Rolled back transaction for test: [DefaultTestContext@1ea3bbdf testClass = ClinicServiceTests, testInstance = org.springframework.samples.petclinic.service.ClinicServiceTests@1e138565, testMethod = shouldAddNewVisitForPet@ClinicServiceTests, testException = org.springframework.dao.InvalidDataAccessResourceUsageException: could not prepare statement; SQL [select pet0_.id as id1_5_0_, pet0_.name as name2_5_0_, pet0_.birth_date as birth_da3_5_0_, pet0_.owner_id as owner_id4_5_0_, pet0_.type_id as type_id5_5_0_, owner1_.id as id1_4_1_, owner1_.first_name as first_na2_4_1_, owner1_.last_name as last_nam3_4_1_, owner1_.address as address4_4_1_, owner1_.city as city5_4_1_, owner1_.telephone as telephon6_4_1_, pettype2_.id as id1_8_2_, pettype2_.name as name2_8_2_, visits3_.pet_id as pet_id4_11_3_, visits3_.id as id1_11_3_, visits3_.id as id1_11_4_, visits3_.visit_date as visit_da2_11_4_, visits3_.description as descript3_11_4_, visits3_.pet_id as pet_id4_11_4_ from pets pet0_ left outer join owners owner1_ on pet0_.owner_id=owner1_.id left outer join types pettype2_ on pet0_.type_id=pettype2_.id left outer join visits visits3_ on pet0_.id=visits3_.pet_id where pet0_.id=?]; nested exception is org.hibernate.exception.SQLGrammarException: could not prepare statement, mergedContextConfiguration = [MergedContextConfiguration@178f69e8 testClass = ClinicServiceTests, locations = '{}', classes = '{class org.springframework.samples.petclinic.PetClinicApplication}', contextInitializerClasses = '[]', activeProfiles = '{}', propertySourceLocations = '{}', propertySourceProperties = '{org.springframework.boot.test.autoconfigure.orm.jpa.DataJpaTestContextBootstrapper=true}', contextCustomizers = set[[ImportsContextCustomizer@1ad8077b key = [org.springframework.boot.autoconfigure.cache.CacheAutoConfiguration, org.springframework.boot.autoconfigure.data.jpa.JpaRepositoriesAutoConfiguration, org.springframework.boot.autoconfigure.flyway.FlywayAutoConfiguration, org.springframework.boot.autoconfigure.jdbc.DataSourceAutoConfiguration, org.springframework.boot.autoconfigure.jdbc.DataSourceTransactionManagerAutoConfiguration, org.springframework.boot.autoconfigure.jdbc.JdbcTemplateAutoConfiguration, org.springframework.boot.autoconfigure.liquibase.LiquibaseAutoConfiguration, org.springframework.boot.autoconfigure.orm.jpa.HibernateJpaAutoConfiguration, org.springframework.boot.autoconfigure.transaction.TransactionAutoConfiguration, org.springframework.boot.test.autoconfigure.jdbc.TestDatabaseAutoConfiguration, org.springframework.boot.test.autoconfigure.orm.jpa.TestEntityManagerAutoConfiguration]], org.springframework.boot.test.context.filter.ExcludeFilterContextCustomizer@2f897dab, org.springframework.boot.test.json.DuplicateJsonObjectContextCustomizerFactory$DuplicateJsonObjectContextCustomizer@2cae9b8, org.springframework.boot.test.mock.mockito.MockitoContextCustomizer@0, org.springframework.boot.test.autoconfigure.OverrideAutoConfigurationContextCustomizerFactory$DisableAutoConfigurationContextCustomizer@6ab4a5b, org.springframework.boot.test.autoconfigure.filter.TypeExcludeFiltersContextCustomizer@c18bb3e, org.springframework.boot.test.autoconfigure.properties.PropertyMappingContextCustomizer@2847ab75, org.springframework.boot.test.autoconfigure.web.servlet.WebDriverContextCustomizerFactory$Customizer@29fa6b65], contextLoader = 'org.springframework.boot.test.context.SpringBootContextLoader', parent = [null]], attributes = map[[empty]]]
]]></system-out>
  </testcase>
  <testcase name="shouldUpdateOwner" classname="org.springframework.samples.petclinic.service.ClinicServiceTests" time="0.063">
    <error message="could not prepare statement; SQL [select owner0_.id as id1_4_0_, pets1_.id as id1_5_1_, owner0_.first_name as first_na2_4_0_, owner0_.last_name as last_nam3_4_0_, owner0_.address as address4_4_0_, owner0_.city as city5_4_0_, owner0_.telephone as telephon6_4_0_, pets1_.name as name2_5_1_, pets1_.birth_date as birth_da3_5_1_, pets1_.owner_id as owner_id4_5_1_, pets1_.type_id as type_id5_5_1_, pets1_.owner_id as owner_id4_5_0__, pets1_.id as id1_5_0__ from owners owner0_ left outer join pets pets1_ on owner0_.id=pets1_.owner_id where owner0_.id=?]; nested exception is org.hibernate.exception.SQLGrammarException: could not prepare statement" type="org.springframework.dao.InvalidDataAccessResourceUsageException">org.springframework.dao.InvalidDataAccessResourceUsageException: could not prepare statement; SQL [select owner0_.id as id1_4_0_, pets1_.id as id1_5_1_, owner0_.first_name as first_na2_4_0_, owner0_.last_name as last_nam3_4_0_, owner0_.address as address4_4_0_, owner0_.city as city5_4_0_, owner0_.telephone as telephon6_4_0_, pets1_.name as name2_5_1_, pets1_.birth_date as birth_da3_5_1_, pets1_.owner_id as owner_id4_5_1_, pets1_.type_id as type_id5_5_1_, pets1_.owner_id as owner_id4_5_0__, pets1_.id as id1_5_0__ from owners owner0_ left outer join pets pets1_ on owner0_.id=pets1_.owner_id where owner0_.id=?]; nested exception is org.hibernate.exception.SQLGrammarException: could not prepare statement
	at org.springframework.samples.petclinic.service.ClinicServiceTests.shouldUpdateOwner(ClinicServiceTests.java:119)
Caused by: org.hibernate.exception.SQLGrammarException: could not prepare statement
	at org.springframework.samples.petclinic.service.ClinicServiceTests.shouldUpdateOwner(ClinicServiceTests.java:119)
Caused by: java.sql.SQLSyntaxErrorException: usuario no tiene privilegios suficientes o objeto no encontrado: OWNERS in statement [select owner0_.id as id1_4_0_, pets1_.id as id1_5_1_, owner0_.first_name as first_na2_4_0_, owner0_.last_name as last_nam3_4_0_, owner0_.address as address4_4_0_, owner0_.city as city5_4_0_, owner0_.telephone as telephon6_4_0_, pets1_.name as name2_5_1_, pets1_.birth_date as birth_da3_5_1_, pets1_.owner_id as owner_id4_5_1_, pets1_.type_id as type_id5_5_1_, pets1_.owner_id as owner_id4_5_0__, pets1_.id as id1_5_0__ from owners owner0_ left outer join pets pets1_ on owner0_.id=pets1_.owner_id where owner0_.id=?]
	at org.springframework.samples.petclinic.service.ClinicServiceTests.shouldUpdateOwner(ClinicServiceTests.java:119)
Caused by: org.hsqldb.HsqlException: usuario no tiene privilegios suficientes o objeto no encontrado: OWNERS
	at org.springframework.samples.petclinic.service.ClinicServiceTests.shouldUpdateOwner(ClinicServiceTests.java:119)
</error>
    <system-out><![CDATA[2019-01-22 22:25:56.369  INFO 112440 --- [           main] o.s.t.c.transaction.TransactionContext   : Began transaction (1) for test context [DefaultTestContext@1ea3bbdf testClass = ClinicServiceTests, testInstance = org.springframework.samples.petclinic.service.ClinicServiceTests@3e23289a, testMethod = shouldUpdateOwner@ClinicServiceTests, testException = [null], mergedContextConfiguration = [MergedContextConfiguration@178f69e8 testClass = ClinicServiceTests, locations = '{}', classes = '{class org.springframework.samples.petclinic.PetClinicApplication}', contextInitializerClasses = '[]', activeProfiles = '{}', propertySourceLocations = '{}', propertySourceProperties = '{org.springframework.boot.test.autoconfigure.orm.jpa.DataJpaTestContextBootstrapper=true}', contextCustomizers = set[[ImportsContextCustomizer@1ad8077b key = [org.springframework.boot.autoconfigure.cache.CacheAutoConfiguration, org.springframework.boot.autoconfigure.data.jpa.JpaRepositoriesAutoConfiguration, org.springframework.boot.autoconfigure.flyway.FlywayAutoConfiguration, org.springframework.boot.autoconfigure.jdbc.DataSourceAutoConfiguration, org.springframework.boot.autoconfigure.jdbc.DataSourceTransactionManagerAutoConfiguration, org.springframework.boot.autoconfigure.jdbc.JdbcTemplateAutoConfiguration, org.springframework.boot.autoconfigure.liquibase.LiquibaseAutoConfiguration, org.springframework.boot.autoconfigure.orm.jpa.HibernateJpaAutoConfiguration, org.springframework.boot.autoconfigure.transaction.TransactionAutoConfiguration, org.springframework.boot.test.autoconfigure.jdbc.TestDatabaseAutoConfiguration, org.springframework.boot.test.autoconfigure.orm.jpa.TestEntityManagerAutoConfiguration]], org.springframework.boot.test.context.filter.ExcludeFilterContextCustomizer@2f897dab, org.springframework.boot.test.json.DuplicateJsonObjectContextCustomizerFactory$DuplicateJsonObjectContextCustomizer@2cae9b8, org.springframework.boot.test.mock.mockito.MockitoContextCustomizer@0, org.springframework.boot.test.autoconfigure.OverrideAutoConfigurationContextCustomizerFactory$DisableAutoConfigurationContextCustomizer@6ab4a5b, org.springframework.boot.test.autoconfigure.filter.TypeExcludeFiltersContextCustomizer@c18bb3e, org.springframework.boot.test.autoconfigure.properties.PropertyMappingContextCustomizer@2847ab75, org.springframework.boot.test.autoconfigure.web.servlet.WebDriverContextCustomizerFactory$Customizer@29fa6b65], contextLoader = 'org.springframework.boot.test.context.SpringBootContextLoader', parent = [null]], attributes = map[[empty]]]; transaction manager [org.springframework.orm.jpa.JpaTransactionManager@2322f6d9]; rollback [true]
Hibernate: select owner0_.id as id1_4_0_, pets1_.id as id1_5_1_, owner0_.first_name as first_na2_4_0_, owner0_.last_name as last_nam3_4_0_, owner0_.address as address4_4_0_, owner0_.city as city5_4_0_, owner0_.telephone as telephon6_4_0_, pets1_.name as name2_5_1_, pets1_.birth_date as birth_da3_5_1_, pets1_.owner_id as owner_id4_5_1_, pets1_.type_id as type_id5_5_1_, pets1_.owner_id as owner_id4_5_0__, pets1_.id as id1_5_0__ from owners owner0_ left outer join pets pets1_ on owner0_.id=pets1_.owner_id where owner0_.id=?
2019-01-22 22:25:56.381  WARN 112440 --- [           main] o.h.engine.jdbc.spi.SqlExceptionHelper   : SQL Error: -5501, SQLState: 42501
2019-01-22 22:25:56.381 ERROR 112440 --- [           main] o.h.engine.jdbc.spi.SqlExceptionHelper   : usuario no tiene privilegios suficientes o objeto no encontrado: OWNERS in statement [select owner0_.id as id1_4_0_, pets1_.id as id1_5_1_, owner0_.first_name as first_na2_4_0_, owner0_.last_name as last_nam3_4_0_, owner0_.address as address4_4_0_, owner0_.city as city5_4_0_, owner0_.telephone as telephon6_4_0_, pets1_.name as name2_5_1_, pets1_.birth_date as birth_da3_5_1_, pets1_.owner_id as owner_id4_5_1_, pets1_.type_id as type_id5_5_1_, pets1_.owner_id as owner_id4_5_0__, pets1_.id as id1_5_0__ from owners owner0_ left outer join pets pets1_ on owner0_.id=pets1_.owner_id where owner0_.id=?]
2019-01-22 22:25:56.384  INFO 112440 --- [           main] o.s.t.c.transaction.TransactionContext   : Rolled back transaction for test: [DefaultTestContext@1ea3bbdf testClass = ClinicServiceTests, testInstance = org.springframework.samples.petclinic.service.ClinicServiceTests@3e23289a, testMethod = shouldUpdateOwner@ClinicServiceTests, testException = org.springframework.dao.InvalidDataAccessResourceUsageException: could not prepare statement; SQL [select owner0_.id as id1_4_0_, pets1_.id as id1_5_1_, owner0_.first_name as first_na2_4_0_, owner0_.last_name as last_nam3_4_0_, owner0_.address as address4_4_0_, owner0_.city as city5_4_0_, owner0_.telephone as telephon6_4_0_, pets1_.name as name2_5_1_, pets1_.birth_date as birth_da3_5_1_, pets1_.owner_id as owner_id4_5_1_, pets1_.type_id as type_id5_5_1_, pets1_.owner_id as owner_id4_5_0__, pets1_.id as id1_5_0__ from owners owner0_ left outer join pets pets1_ on owner0_.id=pets1_.owner_id where owner0_.id=?]; nested exception is org.hibernate.exception.SQLGrammarException: could not prepare statement, mergedContextConfiguration = [MergedContextConfiguration@178f69e8 testClass = ClinicServiceTests, locations = '{}', classes = '{class org.springframework.samples.petclinic.PetClinicApplication}', contextInitializerClasses = '[]', activeProfiles = '{}', propertySourceLocations = '{}', propertySourceProperties = '{org.springframework.boot.test.autoconfigure.orm.jpa.DataJpaTestContextBootstrapper=true}', contextCustomizers = set[[ImportsContextCustomizer@1ad8077b key = [org.springframework.boot.autoconfigure.cache.CacheAutoConfiguration, org.springframework.boot.autoconfigure.data.jpa.JpaRepositoriesAutoConfiguration, org.springframework.boot.autoconfigure.flyway.FlywayAutoConfiguration, org.springframework.boot.autoconfigure.jdbc.DataSourceAutoConfiguration, org.springframework.boot.autoconfigure.jdbc.DataSourceTransactionManagerAutoConfiguration, org.springframework.boot.autoconfigure.jdbc.JdbcTemplateAutoConfiguration, org.springframework.boot.autoconfigure.liquibase.LiquibaseAutoConfiguration, org.springframework.boot.autoconfigure.orm.jpa.HibernateJpaAutoConfiguration, org.springframework.boot.autoconfigure.transaction.TransactionAutoConfiguration, org.springframework.boot.test.autoconfigure.jdbc.TestDatabaseAutoConfiguration, org.springframework.boot.test.autoconfigure.orm.jpa.TestEntityManagerAutoConfiguration]], org.springframework.boot.test.context.filter.ExcludeFilterContextCustomizer@2f897dab, org.springframework.boot.test.json.DuplicateJsonObjectContextCustomizerFactory$DuplicateJsonObjectContextCustomizer@2cae9b8, org.springframework.boot.test.mock.mockito.MockitoContextCustomizer@0, org.springframework.boot.test.autoconfigure.OverrideAutoConfigurationContextCustomizerFactory$DisableAutoConfigurationContextCustomizer@6ab4a5b, org.springframework.boot.test.autoconfigure.filter.TypeExcludeFiltersContextCustomizer@c18bb3e, org.springframework.boot.test.autoconfigure.properties.PropertyMappingContextCustomizer@2847ab75, org.springframework.boot.test.autoconfigure.web.servlet.WebDriverContextCustomizerFactory$Customizer@29fa6b65], contextLoader = 'org.springframework.boot.test.context.SpringBootContextLoader', parent = [null]], attributes = map[[empty]]]
]]></system-out>
  </testcase>
  <testcase name="shouldFindVisitsByPetId" classname="org.springframework.samples.petclinic.service.ClinicServiceTests" time="0">
    <error message="could not prepare statement; SQL [select visit0_.id as id1_11_, visit0_.visit_date as visit_da2_11_, visit0_.description as descript3_11_, visit0_.pet_id as pet_id4_11_ from visits visit0_ where visit0_.pet_id=?]; nested exception is org.hibernate.exception.SQLGrammarException: could not prepare statement" type="org.springframework.dao.InvalidDataAccessResourceUsageException">org.springframework.dao.InvalidDataAccessResourceUsageException: could not prepare statement; SQL [select visit0_.id as id1_11_, visit0_.visit_date as visit_da2_11_, visit0_.description as descript3_11_, visit0_.pet_id as pet_id4_11_ from visits visit0_ where visit0_.pet_id=?]; nested exception is org.hibernate.exception.SQLGrammarException: could not prepare statement
	at org.springframework.samples.petclinic.service.ClinicServiceTests.shouldFindVisitsByPetId(ClinicServiceTests.java:215)
Caused by: org.hibernate.exception.SQLGrammarException: could not prepare statement
	at org.springframework.samples.petclinic.service.ClinicServiceTests.shouldFindVisitsByPetId(ClinicServiceTests.java:215)
Caused by: java.sql.SQLSyntaxErrorException: usuario no tiene privilegios suficientes o objeto no encontrado: VISITS in statement [select visit0_.id as id1_11_, visit0_.visit_date as visit_da2_11_, visit0_.description as descript3_11_, visit0_.pet_id as pet_id4_11_ from visits visit0_ where visit0_.pet_id=?]
	at org.springframework.samples.petclinic.service.ClinicServiceTests.shouldFindVisitsByPetId(ClinicServiceTests.java:215)
Caused by: org.hsqldb.HsqlException: usuario no tiene privilegios suficientes o objeto no encontrado: VISITS
	at org.springframework.samples.petclinic.service.ClinicServiceTests.shouldFindVisitsByPetId(ClinicServiceTests.java:215)
</error>
    <system-out><![CDATA[2019-01-22 22:25:56.390  INFO 112440 --- [           main] o.s.t.c.transaction.TransactionContext   : Began transaction (1) for test context [DefaultTestContext@1ea3bbdf testClass = ClinicServiceTests, testInstance = org.springframework.samples.petclinic.service.ClinicServiceTests@2a951719, testMethod = shouldFindVisitsByPetId@ClinicServiceTests, testException = [null], mergedContextConfiguration = [MergedContextConfiguration@178f69e8 testClass = ClinicServiceTests, locations = '{}', classes = '{class org.springframework.samples.petclinic.PetClinicApplication}', contextInitializerClasses = '[]', activeProfiles = '{}', propertySourceLocations = '{}', propertySourceProperties = '{org.springframework.boot.test.autoconfigure.orm.jpa.DataJpaTestContextBootstrapper=true}', contextCustomizers = set[[ImportsContextCustomizer@1ad8077b key = [org.springframework.boot.autoconfigure.cache.CacheAutoConfiguration, org.springframework.boot.autoconfigure.data.jpa.JpaRepositoriesAutoConfiguration, org.springframework.boot.autoconfigure.flyway.FlywayAutoConfiguration, org.springframework.boot.autoconfigure.jdbc.DataSourceAutoConfiguration, org.springframework.boot.autoconfigure.jdbc.DataSourceTransactionManagerAutoConfiguration, org.springframework.boot.autoconfigure.jdbc.JdbcTemplateAutoConfiguration, org.springframework.boot.autoconfigure.liquibase.LiquibaseAutoConfiguration, org.springframework.boot.autoconfigure.orm.jpa.HibernateJpaAutoConfiguration, org.springframework.boot.autoconfigure.transaction.TransactionAutoConfiguration, org.springframework.boot.test.autoconfigure.jdbc.TestDatabaseAutoConfiguration, org.springframework.boot.test.autoconfigure.orm.jpa.TestEntityManagerAutoConfiguration]], org.springframework.boot.test.context.filter.ExcludeFilterContextCustomizer@2f897dab, org.springframework.boot.test.json.DuplicateJsonObjectContextCustomizerFactory$DuplicateJsonObjectContextCustomizer@2cae9b8, org.springframework.boot.test.mock.mockito.MockitoContextCustomizer@0, org.springframework.boot.test.autoconfigure.OverrideAutoConfigurationContextCustomizerFactory$DisableAutoConfigurationContextCustomizer@6ab4a5b, org.springframework.boot.test.autoconfigure.filter.TypeExcludeFiltersContextCustomizer@c18bb3e, org.springframework.boot.test.autoconfigure.properties.PropertyMappingContextCustomizer@2847ab75, org.springframework.boot.test.autoconfigure.web.servlet.WebDriverContextCustomizerFactory$Customizer@29fa6b65], contextLoader = 'org.springframework.boot.test.context.SpringBootContextLoader', parent = [null]], attributes = map[[empty]]]; transaction manager [org.springframework.orm.jpa.JpaTransactionManager@2322f6d9]; rollback [true]
Hibernate: select visit0_.id as id1_11_, visit0_.visit_date as visit_da2_11_, visit0_.description as descript3_11_, visit0_.pet_id as pet_id4_11_ from visits visit0_ where visit0_.pet_id=?
2019-01-22 22:25:56.406  WARN 112440 --- [           main] o.h.engine.jdbc.spi.SqlExceptionHelper   : SQL Error: -5501, SQLState: 42501
2019-01-22 22:25:56.407 ERROR 112440 --- [           main] o.h.engine.jdbc.spi.SqlExceptionHelper   : usuario no tiene privilegios suficientes o objeto no encontrado: VISITS in statement [select visit0_.id as id1_11_, visit0_.visit_date as visit_da2_11_, visit0_.description as descript3_11_, visit0_.pet_id as pet_id4_11_ from visits visit0_ where visit0_.pet_id=?]
2019-01-22 22:25:56.412  INFO 112440 --- [           main] o.s.t.c.transaction.TransactionContext   : Rolled back transaction for test: [DefaultTestContext@1ea3bbdf testClass = ClinicServiceTests, testInstance = org.springframework.samples.petclinic.service.ClinicServiceTests@2a951719, testMethod = shouldFindVisitsByPetId@ClinicServiceTests, testException = org.springframework.dao.InvalidDataAccessResourceUsageException: could not prepare statement; SQL [select visit0_.id as id1_11_, visit0_.visit_date as visit_da2_11_, visit0_.description as descript3_11_, visit0_.pet_id as pet_id4_11_ from visits visit0_ where visit0_.pet_id=?]; nested exception is org.hibernate.exception.SQLGrammarException: could not prepare statement, mergedContextConfiguration = [MergedContextConfiguration@178f69e8 testClass = ClinicServiceTests, locations = '{}', classes = '{class org.springframework.samples.petclinic.PetClinicApplication}', contextInitializerClasses = '[]', activeProfiles = '{}', propertySourceLocations = '{}', propertySourceProperties = '{org.springframework.boot.test.autoconfigure.orm.jpa.DataJpaTestContextBootstrapper=true}', contextCustomizers = set[[ImportsContextCustomizer@1ad8077b key = [org.springframework.boot.autoconfigure.cache.CacheAutoConfiguration, org.springframework.boot.autoconfigure.data.jpa.JpaRepositoriesAutoConfiguration, org.springframework.boot.autoconfigure.flyway.FlywayAutoConfiguration, org.springframework.boot.autoconfigure.jdbc.DataSourceAutoConfiguration, org.springframework.boot.autoconfigure.jdbc.DataSourceTransactionManagerAutoConfiguration, org.springframework.boot.autoconfigure.jdbc.JdbcTemplateAutoConfiguration, org.springframework.boot.autoconfigure.liquibase.LiquibaseAutoConfiguration, org.springframework.boot.autoconfigure.orm.jpa.HibernateJpaAutoConfiguration, org.springframework.boot.autoconfigure.transaction.TransactionAutoConfiguration, org.springframework.boot.test.autoconfigure.jdbc.TestDatabaseAutoConfiguration, org.springframework.boot.test.autoconfigure.orm.jpa.TestEntityManagerAutoConfiguration]], org.springframework.boot.test.context.filter.ExcludeFilterContextCustomizer@2f897dab, org.springframework.boot.test.json.DuplicateJsonObjectContextCustomizerFactory$DuplicateJsonObjectContextCustomizer@2cae9b8, org.springframework.boot.test.mock.mockito.MockitoContextCustomizer@0, org.springframework.boot.test.autoconfigure.OverrideAutoConfigurationContextCustomizerFactory$DisableAutoConfigurationContextCustomizer@6ab4a5b, org.springframework.boot.test.autoconfigure.filter.TypeExcludeFiltersContextCustomizer@c18bb3e, org.springframework.boot.test.autoconfigure.properties.PropertyMappingContextCustomizer@2847ab75, org.springframework.boot.test.autoconfigure.web.servlet.WebDriverContextCustomizerFactory$Customizer@29fa6b65], contextLoader = 'org.springframework.boot.test.context.SpringBootContextLoader', parent = [null]], attributes = map[[empty]]]
]]></system-out>
  </testcase>
  <testcase name="shouldInsertPetIntoDatabaseAndGenerateId" classname="org.springframework.samples.petclinic.service.ClinicServiceTests" time="0.015">
    <error message="could not prepare statement; SQL [select owner0_.id as id1_4_0_, pets1_.id as id1_5_1_, owner0_.first_name as first_na2_4_0_, owner0_.last_name as last_nam3_4_0_, owner0_.address as address4_4_0_, owner0_.city as city5_4_0_, owner0_.telephone as telephon6_4_0_, pets1_.name as name2_5_1_, pets1_.birth_date as birth_da3_5_1_, pets1_.owner_id as owner_id4_5_1_, pets1_.type_id as type_id5_5_1_, pets1_.owner_id as owner_id4_5_0__, pets1_.id as id1_5_0__ from owners owner0_ left outer join pets pets1_ on owner0_.id=pets1_.owner_id where owner0_.id=?]; nested exception is org.hibernate.exception.SQLGrammarException: could not prepare statement" type="org.springframework.dao.InvalidDataAccessResourceUsageException">org.springframework.dao.InvalidDataAccessResourceUsageException: could not prepare statement; SQL [select owner0_.id as id1_4_0_, pets1_.id as id1_5_1_, owner0_.first_name as first_na2_4_0_, owner0_.last_name as last_nam3_4_0_, owner0_.address as address4_4_0_, owner0_.city as city5_4_0_, owner0_.telephone as telephon6_4_0_, pets1_.name as name2_5_1_, pets1_.birth_date as birth_da3_5_1_, pets1_.owner_id as owner_id4_5_1_, pets1_.type_id as type_id5_5_1_, pets1_.owner_id as owner_id4_5_0__, pets1_.id as id1_5_0__ from owners owner0_ left outer join pets pets1_ on owner0_.id=pets1_.owner_id where owner0_.id=?]; nested exception is org.hibernate.exception.SQLGrammarException: could not prepare statement
	at org.springframework.samples.petclinic.service.ClinicServiceTests.shouldInsertPetIntoDatabaseAndGenerateId(ClinicServiceTests.java:152)
Caused by: org.hibernate.exception.SQLGrammarException: could not prepare statement
	at org.springframework.samples.petclinic.service.ClinicServiceTests.shouldInsertPetIntoDatabaseAndGenerateId(ClinicServiceTests.java:152)
Caused by: java.sql.SQLSyntaxErrorException: usuario no tiene privilegios suficientes o objeto no encontrado: OWNERS in statement [select owner0_.id as id1_4_0_, pets1_.id as id1_5_1_, owner0_.first_name as first_na2_4_0_, owner0_.last_name as last_nam3_4_0_, owner0_.address as address4_4_0_, owner0_.city as city5_4_0_, owner0_.telephone as telephon6_4_0_, pets1_.name as name2_5_1_, pets1_.birth_date as birth_da3_5_1_, pets1_.owner_id as owner_id4_5_1_, pets1_.type_id as type_id5_5_1_, pets1_.owner_id as owner_id4_5_0__, pets1_.id as id1_5_0__ from owners owner0_ left outer join pets pets1_ on owner0_.id=pets1_.owner_id where owner0_.id=?]
	at org.springframework.samples.petclinic.service.ClinicServiceTests.shouldInsertPetIntoDatabaseAndGenerateId(ClinicServiceTests.java:152)
Caused by: org.hsqldb.HsqlException: usuario no tiene privilegios suficientes o objeto no encontrado: OWNERS
	at org.springframework.samples.petclinic.service.ClinicServiceTests.shouldInsertPetIntoDatabaseAndGenerateId(ClinicServiceTests.java:152)
</error>
    <system-out><![CDATA[2019-01-22 22:25:56.433  INFO 112440 --- [           main] o.s.t.c.transaction.TransactionContext   : Began transaction (1) for test context [DefaultTestContext@1ea3bbdf testClass = ClinicServiceTests, testInstance = org.springframework.samples.petclinic.service.ClinicServiceTests@2595a41, testMethod = shouldInsertPetIntoDatabaseAndGenerateId@ClinicServiceTests, testException = [null], mergedContextConfiguration = [MergedContextConfiguration@178f69e8 testClass = ClinicServiceTests, locations = '{}', classes = '{class org.springframework.samples.petclinic.PetClinicApplication}', contextInitializerClasses = '[]', activeProfiles = '{}', propertySourceLocations = '{}', propertySourceProperties = '{org.springframework.boot.test.autoconfigure.orm.jpa.DataJpaTestContextBootstrapper=true}', contextCustomizers = set[[ImportsContextCustomizer@1ad8077b key = [org.springframework.boot.autoconfigure.cache.CacheAutoConfiguration, org.springframework.boot.autoconfigure.data.jpa.JpaRepositoriesAutoConfiguration, org.springframework.boot.autoconfigure.flyway.FlywayAutoConfiguration, org.springframework.boot.autoconfigure.jdbc.DataSourceAutoConfiguration, org.springframework.boot.autoconfigure.jdbc.DataSourceTransactionManagerAutoConfiguration, org.springframework.boot.autoconfigure.jdbc.JdbcTemplateAutoConfiguration, org.springframework.boot.autoconfigure.liquibase.LiquibaseAutoConfiguration, org.springframework.boot.autoconfigure.orm.jpa.HibernateJpaAutoConfiguration, org.springframework.boot.autoconfigure.transaction.TransactionAutoConfiguration, org.springframework.boot.test.autoconfigure.jdbc.TestDatabaseAutoConfiguration, org.springframework.boot.test.autoconfigure.orm.jpa.TestEntityManagerAutoConfiguration]], org.springframework.boot.test.context.filter.ExcludeFilterContextCustomizer@2f897dab, org.springframework.boot.test.json.DuplicateJsonObjectContextCustomizerFactory$DuplicateJsonObjectContextCustomizer@2cae9b8, org.springframework.boot.test.mock.mockito.MockitoContextCustomizer@0, org.springframework.boot.test.autoconfigure.OverrideAutoConfigurationContextCustomizerFactory$DisableAutoConfigurationContextCustomizer@6ab4a5b, org.springframework.boot.test.autoconfigure.filter.TypeExcludeFiltersContextCustomizer@c18bb3e, org.springframework.boot.test.autoconfigure.properties.PropertyMappingContextCustomizer@2847ab75, org.springframework.boot.test.autoconfigure.web.servlet.WebDriverContextCustomizerFactory$Customizer@29fa6b65], contextLoader = 'org.springframework.boot.test.context.SpringBootContextLoader', parent = [null]], attributes = map[[empty]]]; transaction manager [org.springframework.orm.jpa.JpaTransactionManager@2322f6d9]; rollback [true]
Hibernate: select owner0_.id as id1_4_0_, pets1_.id as id1_5_1_, owner0_.first_name as first_na2_4_0_, owner0_.last_name as last_nam3_4_0_, owner0_.address as address4_4_0_, owner0_.city as city5_4_0_, owner0_.telephone as telephon6_4_0_, pets1_.name as name2_5_1_, pets1_.birth_date as birth_da3_5_1_, pets1_.owner_id as owner_id4_5_1_, pets1_.type_id as type_id5_5_1_, pets1_.owner_id as owner_id4_5_0__, pets1_.id as id1_5_0__ from owners owner0_ left outer join pets pets1_ on owner0_.id=pets1_.owner_id where owner0_.id=?
2019-01-22 22:25:56.436  WARN 112440 --- [           main] o.h.engine.jdbc.spi.SqlExceptionHelper   : SQL Error: -5501, SQLState: 42501
2019-01-22 22:25:56.436 ERROR 112440 --- [           main] o.h.engine.jdbc.spi.SqlExceptionHelper   : usuario no tiene privilegios suficientes o objeto no encontrado: OWNERS in statement [select owner0_.id as id1_4_0_, pets1_.id as id1_5_1_, owner0_.first_name as first_na2_4_0_, owner0_.last_name as last_nam3_4_0_, owner0_.address as address4_4_0_, owner0_.city as city5_4_0_, owner0_.telephone as telephon6_4_0_, pets1_.name as name2_5_1_, pets1_.birth_date as birth_da3_5_1_, pets1_.owner_id as owner_id4_5_1_, pets1_.type_id as type_id5_5_1_, pets1_.owner_id as owner_id4_5_0__, pets1_.id as id1_5_0__ from owners owner0_ left outer join pets pets1_ on owner0_.id=pets1_.owner_id where owner0_.id=?]
[...]

org.hibernate.exception.SQLGrammarException: could not prepare statement
	at org.hibernate.exception.internal.SQLExceptionTypeDelegate.convert(SQLExceptionTypeDelegate.java:63) ~[hibernate-core-5.3.7.Final.jar:5.3.7.Final]
	at org.hibernate.exception.internal.StandardSQLExceptionConverter.convert(StandardSQLExceptionConverter.java:42) ~[hibernate-core-5.3.7.Final.jar:5.3.7.Final]
	at org.hibernate.engine.jdbc.spi.SqlExceptionHelper.convert(SqlExceptionHelper.java:113) ~[hibernate-core-5.3.7.Final.jar:5.3.7.Final]
	at org.hibernate.engine.jdbc.internal.StatementPreparerImpl$StatementPreparationTemplate.prepareStatement(StatementPreparerImpl.java:182) ~[hibernate-core-5.3.7.Final.jar:5.3.7.Final]
	at org.hibernate.engine.jdbc.internal.StatementPreparerImpl.prepareQueryStatement(StatementPreparerImpl.java:148) ~[hibernate-core-5.3.7.Final.jar:5.3.7.Final]
	at org.hibernate.loader.plan.exec.internal.AbstractLoadPlanBasedLoader.prepareQueryStatement(AbstractLoadPlanBasedLoader.java:226) ~[hibernate-core-5.3.7.Final.jar:5.3.7.Final]
	at org.hibernate.loader.plan.exec.internal.AbstractLoadPlanBasedLoader.executeQueryStatement(AbstractLoadPlanBasedLoader.java:190) ~[hibernate-core-5.3.7.Final.jar:5.3.7.Final]
	at org.hibernate.loader.plan.exec.internal.AbstractLoadPlanBasedLoader.executeLoad(AbstractLoadPlanBasedLoader.java:121) ~[hibernate-core-5.3.7.Final.jar:5.3.7.Final]
	at org.hibernate.loader.plan.exec.internal.AbstractLoadPlanBasedLoader.executeLoad(AbstractLoadPlanBasedLoader.java:86) ~[hibernate-core-5.3.7.Final.jar:5.3.7.Final]
	at org.hibernate.loader.entity.plan.AbstractLoadPlanBasedEntityLoader.load(AbstractLoadPlanBasedEntityLoader.java:188) ~[hibernate-core-5.3.7.Final.jar:5.3.7.Final]
	at org.hibernate.persister.entity.AbstractEntityPersister.load(AbstractEntityPersister.java:4269) ~[hibernate-core-5.3.7.Final.jar:5.3.7.Final]
	at org.hibernate.event.internal.DefaultLoadEventListener.loadFromDatasource(DefaultLoadEventListener.java:511) [hibernate-core-5.3.7.Final.jar:5.3.7.Final]
	at org.hibernate.event.internal.DefaultLoadEventListener.doLoad(DefaultLoadEventListener.java:481) [hibernate-core-5.3.7.Final.jar:5.3.7.Final]
	at org.hibernate.event.internal.DefaultLoadEventListener.load(DefaultLoadEventListener.java:222) [hibernate-core-5.3.7.Final.jar:5.3.7.Final]
	at org.hibernate.event.internal.DefaultLoadEventListener.proxyOrLoad(DefaultLoadEventListener.java:281) [hibernate-core-5.3.7.Final.jar:5.3.7.Final]
	at org.hibernate.event.internal.DefaultLoadEventListener.doOnLoad(DefaultLoadEventListener.java:124) [hibernate-core-5.3.7.Final.jar:5.3.7.Final]
	at org.hibernate.event.internal.DefaultLoadEventListener.onLoad(DefaultLoadEventListener.java:92) [hibernate-core-5.3.7.Final.jar:5.3.7.Final]
	at org.hibernate.internal.SessionImpl.fireLoad(SessionImpl.java:1257) [hibernate-core-5.3.7.Final.jar:5.3.7.Final]
	at org.hibernate.internal.SessionImpl.access$1900(SessionImpl.java:207) [hibernate-core-5.3.7.Final.jar:5.3.7.Final]
	at org.hibernate.internal.SessionImpl$IdentifierLoadAccessImpl.doLoad(SessionImpl.java:2874) [hibernate-core-5.3.7.Final.jar:5.3.7.Final]
	at org.hibernate.internal.SessionImpl$IdentifierLoadAccessImpl.load(SessionImpl.java:2848) [hibernate-core-5.3.7.Final.jar:5.3.7.Final]
	at org.hibernate.internal.SessionImpl.find(SessionImpl.java:3483) [hibernate-core-5.3.7.Final.jar:5.3.7.Final]
	at org.hibernate.internal.SessionImpl.find(SessionImpl.java:3452) [hibernate-core-5.3.7.Final.jar:5.3.7.Final]
	at sun.reflect.NativeMethodAccessorImpl.invoke0(Native Method) ~[na:1.8.0_111]
	at sun.reflect.NativeMethodAccessorImpl.invoke(NativeMethodAccessorImpl.java:62) ~[na:1.8.0_111]
	at sun.reflect.DelegatingMethodAccessorImpl.invoke(DelegatingMethodAccessorImpl.java:43) ~[na:1.8.0_111]
	at java.lang.reflect.Method.invoke(Method.java:498) ~[na:1.8.0_111]
	at org.springframework.orm.jpa.SharedEntityManagerCreator$SharedEntityManagerInvocationHandler.invoke(SharedEntityManagerCreator.java:308) [spring-orm-5.1.2.RELEASE.jar:5.1.2.RELEASE]
	at com.sun.proxy.$Proxy158.find(Unknown Source) [na:na]
	at org.springframework.data.jpa.repository.support.SimpleJpaRepository.findById(SimpleJpaRepository.java:234) [spring-data-jpa-2.1.2.RELEASE.jar:2.1.2.RELEASE]
	at sun.reflect.NativeMethodAccessorImpl.invoke0(Native Method) ~[na:1.8.0_111]
	at sun.reflect.NativeMethodAccessorImpl.invoke(NativeMethodAccessorImpl.java:62) ~[na:1.8.0_111]
	at sun.reflect.DelegatingMethodAccessorImpl.invoke(DelegatingMethodAccessorImpl.java:43) ~[na:1.8.0_111]
	at java.lang.reflect.Method.invoke(Method.java:498) ~[na:1.8.0_111]
	at org.springframework.data.repository.core.support.RepositoryComposition$RepositoryFragments.invoke(RepositoryComposition.java:359) [spring-data-commons-2.1.2.RELEASE.jar:2.1.2.RELEASE]
	at org.springframework.data.repository.core.support.RepositoryComposition.invoke(RepositoryComposition.java:200) [spring-data-commons-2.1.2.RELEASE.jar:2.1.2.RELEASE]
	at org.springframework.data.repository.core.support.RepositoryFactorySupport$ImplementationMethodExecutionInterceptor.invoke(RepositoryFactorySupport.java:644) [spring-data-commons-2.1.2.RELEASE.jar:2.1.2.RELEASE]
	at org.springframework.aop.framework.ReflectiveMethodInvocation.proceed(ReflectiveMethodInvocation.java:186) [spring-aop-5.1.2.RELEASE.jar:5.1.2.RELEASE]
	at org.springframework.data.repository.core.support.RepositoryFactorySupport$QueryExecutorMethodInterceptor.doInvoke(RepositoryFactorySupport.java:608) [spring-data-commons-2.1.2.RELEASE.jar:2.1.2.RELEASE]
	at org.springframework.data.repository.core.support.RepositoryFactorySupport$QueryExecutorMethodInterceptor.lambda$invoke$3(RepositoryFactorySupport.java:595) [spring-data-commons-2.1.2.RELEASE.jar:2.1.2.RELEASE]
	at org.springframework.data.repository.core.support.RepositoryFactorySupport$QueryExecutorMethodInterceptor.invoke(RepositoryFactorySupport.java:595) [spring-data-commons-2.1.2.RELEASE.jar:2.1.2.RELEASE]
	at org.springframework.aop.framework.ReflectiveMethodInvocation.proceed(ReflectiveMethodInvocation.java:186) [spring-aop-5.1.2.RELEASE.jar:5.1.2.RELEASE]
	at org.springframework.data.projection.DefaultMethodInvokingMethodInterceptor.invoke(DefaultMethodInvokingMethodInterceptor.java:59) ~[spring-data-commons-2.1.2.RELEASE.jar:2.1.2.RELEASE]
	at org.springframework.aop.framework.ReflectiveMethodInvocation.proceed(ReflectiveMethodInvocation.java:186) [spring-aop-5.1.2.RELEASE.jar:5.1.2.RELEASE]
	at org.springframework.transaction.interceptor.TransactionAspectSupport.invokeWithinTransaction(TransactionAspectSupport.java:294) ~[spring-tx-5.1.2.RELEASE.jar:5.1.2.RELEASE]
	at org.springframework.transaction.interceptor.TransactionInterceptor.invoke(TransactionInterceptor.java:98) ~[spring-tx-5.1.2.RELEASE.jar:5.1.2.RELEASE]
	at org.springframework.aop.framework.ReflectiveMethodInvocation.proceed(ReflectiveMethodInvocation.java:186) [spring-aop-5.1.2.RELEASE.jar:5.1.2.RELEASE]
	at org.springframework.dao.support.PersistenceExceptionTranslationInterceptor.invoke(PersistenceExceptionTranslationInterceptor.java:139) ~[spring-tx-5.1.2.RELEASE.jar:5.1.2.RELEASE]
	at org.springframework.aop.framework.ReflectiveMethodInvocation.proceed(ReflectiveMethodInvocation.java:186) [spring-aop-5.1.2.RELEASE.jar:5.1.2.RELEASE]
	at org.springframework.data.jpa.repository.support.CrudMethodMetadataPostProcessor$CrudMethodMetadataPopulatingMethodInterceptor.invoke(CrudMethodMetadataPostProcessor.java:135) ~[spring-data-jpa-2.1.2.RELEASE.jar:2.1.2.RELEASE]
	at org.springframework.aop.framework.ReflectiveMethodInvocation.proceed(ReflectiveMethodInvocation.java:186) [spring-aop-5.1.2.RELEASE.jar:5.1.2.RELEASE]
	at org.springframework.aop.interceptor.ExposeInvocationInterceptor.invoke(ExposeInvocationInterceptor.java:93) ~[spring-aop-5.1.2.RELEASE.jar:5.1.2.RELEASE]
	at org.springframework.aop.framework.ReflectiveMethodInvocation.proceed(ReflectiveMethodInvocation.java:186) [spring-aop-5.1.2.RELEASE.jar:5.1.2.RELEASE]
	at org.springframework.data.repository.core.support.SurroundingTransactionDetectorMethodInterceptor.invoke(SurroundingTransactionDetectorMethodInterceptor.java:61) ~[spring-data-commons-2.1.2.RELEASE.jar:2.1.2.RELEASE]
	at org.springframework.aop.framework.ReflectiveMethodInvocation.proceed(ReflectiveMethodInvocation.java:186) [spring-aop-5.1.2.RELEASE.jar:5.1.2.RELEASE]
	at org.springframework.aop.framework.JdkDynamicAopProxy.invoke(JdkDynamicAopProxy.java:212) ~[spring-aop-5.1.2.RELEASE.jar:5.1.2.RELEASE]
	at com.sun.proxy.$Proxy165.findById(Unknown Source) ~[na:na]
	at org.springframework.samples.petclinic.service.ClinicServiceTests.shouldFindPetWithCorrectId(ClinicServiceTests.java:133) ~[test-classes/:na]
	at sun.reflect.NativeMethodAccessorImpl.invoke0(Native Method) ~[na:1.8.0_111]
	at sun.reflect.NativeMethodAccessorImpl.invoke(NativeMethodAccessorImpl.java:62) ~[na:1.8.0_111]
	at sun.reflect.DelegatingMethodAccessorImpl.invoke(DelegatingMethodAccessorImpl.java:43) ~[na:1.8.0_111]
	at java.lang.reflect.Method.invoke(Method.java:498) ~[na:1.8.0_111]
	at org.junit.runners.model.FrameworkMethod$1.runReflectiveCall(FrameworkMethod.java:50) ~[junit-4.12.jar:4.12]
	at org.junit.internal.runners.model.ReflectiveCallable.run(ReflectiveCallable.java:12) ~[junit-4.12.jar:4.12]
	at org.junit.runners.model.FrameworkMethod.invokeExplosively(FrameworkMethod.java:47) ~[junit-4.12.jar:4.12]
	at org.junit.internal.runners.statements.InvokeMethod.evaluate(InvokeMethod.java:17) ~[junit-4.12.jar:4.12]
	at org.springframework.test.context.junit4.statements.RunBeforeTestExecutionCallbacks.evaluate(RunBeforeTestExecutionCallbacks.java:74) ~[spring-test-5.1.2.RELEASE.jar:5.1.2.RELEASE]
	at org.springframework.test.context.junit4.statements.RunAfterTestExecutionCallbacks.evaluate(RunAfterTestExecutionCallbacks.java:84) ~[spring-test-5.1.2.RELEASE.jar:5.1.2.RELEASE]
	at org.springframework.test.context.junit4.statements.RunBeforeTestMethodCallbacks.evaluate(RunBeforeTestMethodCallbacks.java:75) ~[spring-test-5.1.2.RELEASE.jar:5.1.2.RELEASE]
	at org.springframework.test.context.junit4.statements.RunAfterTestMethodCallbacks.evaluate(RunAfterTestMethodCallbacks.java:86) ~[spring-test-5.1.2.RELEASE.jar:5.1.2.RELEASE]
	at org.springframework.test.context.junit4.statements.SpringRepeat.evaluate(SpringRepeat.java:84) ~[spring-test-5.1.2.RELEASE.jar:5.1.2.RELEASE]
	at org.junit.runners.ParentRunner.runLeaf(ParentRunner.java:325) ~[junit-4.12.jar:4.12]
	at org.springframework.test.context.junit4.SpringJUnit4ClassRunner.runChild(SpringJUnit4ClassRunner.java:251) ~[spring-test-5.1.2.RELEASE.jar:5.1.2.RELEASE]
	at org.springframework.test.context.junit4.SpringJUnit4ClassRunner.runChild(SpringJUnit4ClassRunner.java:97) ~[spring-test-5.1.2.RELEASE.jar:5.1.2.RELEASE]
	at org.junit.runners.ParentRunner$3.run(ParentRunner.java:290) ~[junit-4.12.jar:4.12]
	at org.junit.runners.ParentRunner$1.schedule(ParentRunner.java:71) ~[junit-4.12.jar:4.12]
	at org.junit.runners.ParentRunner.runChildren(ParentRunner.java:288) ~[junit-4.12.jar:4.12]
	at org.junit.runners.ParentRunner.access$000(ParentRunner.java:58) ~[junit-4.12.jar:4.12]
	at org.junit.runners.ParentRunner$2.evaluate(ParentRunner.java:268) ~[junit-4.12.jar:4.12]
	at org.springframework.test.context.junit4.statements.RunBeforeTestClassCallbacks.evaluate(RunBeforeTestClassCallbacks.java:61) ~[spring-test-5.1.2.RELEASE.jar:5.1.2.RELEASE]
	at org.springframework.test.context.junit4.statements.RunAfterTestClassCallbacks.evaluate(RunAfterTestClassCallbacks.java:70) ~[spring-test-5.1.2.RELEASE.jar:5.1.2.RELEASE]
	at org.junit.runners.ParentRunner.run(ParentRunner.java:363) ~[junit-4.12.jar:4.12]
	at org.springframework.test.context.junit4.SpringJUnit4ClassRunner.run(SpringJUnit4ClassRunner.java:190) ~[spring-test-5.1.2.RELEASE.jar:5.1.2.RELEASE]
	at org.apache.maven.surefire.junit4.JUnit4Provider.execute(JUnit4Provider.java:365) ~[surefire-junit4-2.22.1.jar:2.22.1]
	at org.apache.maven.surefire.junit4.JUnit4Provider.executeWithRerun(JUnit4Provider.java:273) ~[surefire-junit4-2.22.1.jar:2.22.1]
	at org.apache.maven.surefire.junit4.JUnit4Provider.executeTestSet(JUnit4Provider.java:238) ~[surefire-junit4-2.22.1.jar:2.22.1]
	at org.apache.maven.surefire.junit4.JUnit4Provider.invoke(JUnit4Provider.java:159) ~[surefire-junit4-2.22.1.jar:2.22.1]
	at org.apache.maven.surefire.booter.ForkedBooter.invokeProviderInSameClassLoader(ForkedBooter.java:384) ~[surefire-booter-2.22.1.jar:2.22.1]
	at org.apache.maven.surefire.booter.ForkedBooter.runSuitesInProcess(ForkedBooter.java:345) ~[surefire-booter-2.22.1.jar:2.22.1]
	at org.apache.maven.surefire.booter.ForkedBooter.execute(ForkedBooter.java:126) ~[surefire-booter-2.22.1.jar:2.22.1]
	at org.apache.maven.surefire.booter.ForkedBooter.main(ForkedBooter.java:418) ~[surefire-booter-2.22.1.jar:2.22.1]
Caused by: java.sql.SQLSyntaxErrorException: usuario no tiene privilegios suficientes o objeto no encontrado: PETS in statement [select pet0_.id as id1_5_0_, pet0_.name as name2_5_0_, pet0_.birth_date as birth_da3_5_0_, pet0_.owner_id as owner_id4_5_0_, pet0_.type_id as type_id5_5_0_, owner1_.id as id1_4_1_, owner1_.first_name as first_na2_4_1_, owner1_.last_name as last_nam3_4_1_, owner1_.address as address4_4_1_, owner1_.city as city5_4_1_, owner1_.telephone as telephon6_4_1_, pettype2_.id as id1_8_2_, pettype2_.name as name2_8_2_, visits3_.pet_id as pet_id4_11_3_, visits3_.id as id1_11_3_, visits3_.id as id1_11_4_, visits3_.visit_date as visit_da2_11_4_, visits3_.description as descript3_11_4_, visits3_.pet_id as pet_id4_11_4_ from pets pet0_ left outer join owners owner1_ on pet0_.owner_id=owner1_.id left outer join types pettype2_ on pet0_.type_id=pettype2_.id left outer join visits visits3_ on pet0_.id=visits3_.pet_id where pet0_.id=?]
	at org.hsqldb.jdbc.JDBCUtil.sqlException(Unknown Source) ~[hsqldb-2.4.1.jar:2.4.1]
	at org.hsqldb.jdbc.JDBCUtil.sqlException(Unknown Source) ~[hsqldb-2.4.1.jar:2.4.1]
	at org.hsqldb.jdbc.JDBCPreparedStatement.<init>(Unknown Source) ~[hsqldb-2.4.1.jar:2.4.1]
	at org.hsqldb.jdbc.JDBCConnection.prepareStatement(Unknown Source) ~[hsqldb-2.4.1.jar:2.4.1]
	at org.hibernate.engine.jdbc.internal.StatementPreparerImpl$5.doPrepare(StatementPreparerImpl.java:146) ~[hibernate-core-5.3.7.Final.jar:5.3.7.Final]
	at org.hibernate.engine.jdbc.internal.StatementPreparerImpl$StatementPreparationTemplate.prepareStatement(StatementPreparerImpl.java:172) ~[hibernate-core-5.3.7.Final.jar:5.3.7.Final]
	... 87 common frames omitted
Caused by: org.hsqldb.HsqlException: usuario no tiene privilegios suficientes o objeto no encontrado: PETS
	at org.hsqldb.error.Error.error(Unknown Source) ~[hsqldb-2.4.1.jar:2.4.1]
	at org.hsqldb.error.Error.error(Unknown Source) ~[hsqldb-2.4.1.jar:2.4.1]
	at org.hsqldb.ParserDQL.readTableName(Unknown Source) ~[hsqldb-2.4.1.jar:2.4.1]
	at org.hsqldb.ParserDQL.readTableOrSubquery(Unknown Source) ~[hsqldb-2.4.1.jar:2.4.1]
	at org.hsqldb.ParserDQL.XreadTableReference(Unknown Source) ~[hsqldb-2.4.1.jar:2.4.1]
	at org.hsqldb.ParserDQL.XreadFromClause(Unknown Source) ~[hsqldb-2.4.1.jar:2.4.1]
	at org.hsqldb.ParserDQL.XreadTableExpression(Unknown Source) ~[hsqldb-2.4.1.jar:2.4.1]
	at org.hsqldb.ParserDQL.XreadQuerySpecification(Unknown Source) ~[hsqldb-2.4.1.jar:2.4.1]
	at org.hsqldb.ParserDQL.XreadSimpleTable(Unknown Source) ~[hsqldb-2.4.1.jar:2.4.1]
	at org.hsqldb.ParserDQL.XreadQueryPrimary(Unknown Source) ~[hsqldb-2.4.1.jar:2.4.1]
	at org.hsqldb.ParserDQL.XreadQueryTerm(Unknown Source) ~[hsqldb-2.4.1.jar:2.4.1]
	at org.hsqldb.ParserDQL.XreadQueryExpressionBody(Unknown Source) ~[hsqldb-2.4.1.jar:2.4.1]
	at org.hsqldb.ParserDQL.XreadQueryExpression(Unknown Source) ~[hsqldb-2.4.1.jar:2.4.1]
	at org.hsqldb.ParserDQL.compileCursorSpecification(Unknown Source) ~[hsqldb-2.4.1.jar:2.4.1]
	at org.hsqldb.ParserCommand.compilePart(Unknown Source) ~[hsqldb-2.4.1.jar:2.4.1]
	at org.hsqldb.ParserCommand.compileStatement(Unknown Source) ~[hsqldb-2.4.1.jar:2.4.1]
	at org.hsqldb.Session.compileStatement(Unknown Source) ~[hsqldb-2.4.1.jar:2.4.1]
	at org.hsqldb.StatementManager.compile(Unknown Source) ~[hsqldb-2.4.1.jar:2.4.1]
	at org.hsqldb.Session.execute(Unknown Source) ~[hsqldb-2.4.1.jar:2.4.1]
	... 91 common frames omitted

2019-01-22 22:25:56.538  INFO 112440 --- [           main] o.s.t.c.transaction.TransactionContext   : Rolled back transaction for test: [DefaultTestContext@1ea3bbdf testClass = ClinicServiceTests, testInstance = org.springframework.samples.petclinic.service.ClinicServiceTests@631518ad, testMethod = shouldFindPetWithCorrectId@ClinicServiceTests, testException = org.springframework.dao.InvalidDataAccessResourceUsageException: could not prepare statement; SQL [select pet0_.id as id1_5_0_, pet0_.name as name2_5_0_, pet0_.birth_date as birth_da3_5_0_, pet0_.owner_id as owner_id4_5_0_, pet0_.type_id as type_id5_5_0_, owner1_.id as id1_4_1_, owner1_.first_name as first_na2_4_1_, owner1_.last_name as last_nam3_4_1_, owner1_.address as address4_4_1_, owner1_.city as city5_4_1_, owner1_.telephone as telephon6_4_1_, pettype2_.id as id1_8_2_, pettype2_.name as name2_8_2_, visits3_.pet_id as pet_id4_11_3_, visits3_.id as id1_11_3_, visits3_.id as id1_11_4_, visits3_.visit_date as visit_da2_11_4_, visits3_.description as descript3_11_4_, visits3_.pet_id as pet_id4_11_4_ from pets pet0_ left outer join owners owner1_ on pet0_.owner_id=owner1_.id left outer join types pettype2_ on pet0_.type_id=pettype2_.id left outer join visits visits3_ on pet0_.id=visits3_.pet_id where pet0_.id=?]; nested exception is org.hibernate.exception.SQLGrammarException: could not prepare statement, mergedContextConfiguration = [MergedContextConfiguration@178f69e8 testClass = ClinicServiceTests, locations = '{}', classes = '{class org.springframework.samples.petclinic.PetClinicApplication}', contextInitializerClasses = '[]', activeProfiles = '{}', propertySourceLocations = '{}', propertySourceProperties = '{org.springframework.boot.test.autoconfigure.orm.jpa.DataJpaTestContextBootstrapper=true}', contextCustomizers = set[[ImportsContextCustomizer@1ad8077b key = [org.springframework.boot.autoconfigure.cache.CacheAutoConfiguration, org.springframework.boot.autoconfigure.data.jpa.JpaRepositoriesAutoConfiguration, org.springframework.boot.autoconfigure.flyway.FlywayAutoConfiguration, org.springframework.boot.autoconfigure.jdbc.DataSourceAutoConfiguration, org.springframework.boot.autoconfigure.jdbc.DataSourceTransactionManagerAutoConfiguration, org.springframework.boot.autoconfigure.jdbc.JdbcTemplateAutoConfiguration, org.springframework.boot.autoconfigure.liquibase.LiquibaseAutoConfiguration, org.springframework.boot.autoconfigure.orm.jpa.HibernateJpaAutoConfiguration, org.springframework.boot.autoconfigure.transaction.TransactionAutoConfiguration, org.springframework.boot.test.autoconfigure.jdbc.TestDatabaseAutoConfiguration, org.springframework.boot.test.autoconfigure.orm.jpa.TestEntityManagerAutoConfiguration]], org.springframework.boot.test.context.filter.ExcludeFilterContextCustomizer@2f897dab, org.springframework.boot.test.json.DuplicateJsonObjectContextCustomizerFactory$DuplicateJsonObjectContextCustomizer@2cae9b8, org.springframework.boot.test.mock.mockito.MockitoContextCustomizer@0, org.springframework.boot.test.autoconfigure.OverrideAutoConfigurationContextCustomizerFactory$DisableAutoConfigurationContextCustomizer@6ab4a5b, org.springframework.boot.test.autoconfigure.filter.TypeExcludeFiltersContextCustomizer@c18bb3e, org.springframework.boot.test.autoconfigure.properties.PropertyMappingContextCustomizer@2847ab75, org.springframework.boot.test.autoconfigure.web.servlet.WebDriverContextCustomizerFactory$Customizer@29fa6b65], contextLoader = 'org.springframework.boot.test.context.SpringBootContextLoader', parent = [null]], attributes = map[[empty]]]
]]></system-out>
  </testcase>
</testsuite>