<?xml version="1.0" encoding="UTF-8"?>
<testsuite xmlns:xsi="http://www.w3.org/2001/XMLSchema-instance" xsi:noNamespaceSchemaLocation="https://maven.apache.org/surefire/maven-surefire-plugin/xsd/surefire-test-report.xsd" name="org.springframework.samples.petclinic.vet.VetControllerTests" time="1" tests="4" errors="0" skipped="0" failures="0">
  <properties>
[...]
</properties>
  <testcase name="testInitUpdateVetForm" classname="org.springframework.samples.petclinic.vet.VetControllerTests" time="0.124"/>
  <testcase name="testInitCreationForm" classname="org.springframework.samples.petclinic.vet.VetControllerTests" time="0.032"/>
  <testcase name="testDeleteVet" classname="org.springframework.samples.petclinic.vet.VetControllerTests" time="0.015"/>
  <testcase name="testMostarVets" classname="org.springframework.samples.petclinic.vet.VetControllerTests" time="0.094"/>
</testsuite>